2024-07-26 03:58:51,133 - MainThread - INFO - BEGIN (implicit)
2024-07-26 03:58:51,134 - MainThread - INFO - SELECT image_model_config.id AS image_model_config_id, image_model_config."key" AS image_model_config_key, image_model_config.value AS image_model_config_value 
FROM image_model_config 
WHERE image_model_config."key" = ?
 LIMIT ? OFFSET ?
2024-07-26 03:58:51,137 - MainThread - INFO - [generated in 0.00230s] ('CURRENT_IMAGE_MODEL', 1, 0)
2024-07-26 03:58:51,138 - MainThread - INFO - ROLLBACK
2024-07-26 03:58:52,305 - MainThread - INFO - BEGIN (implicit)
2024-07-26 03:58:52,306 - MainThread - INFO - SELECT image_model_config.id AS image_model_config_id, image_model_config."key" AS image_model_config_key, image_model_config.value AS image_model_config_value 
FROM image_model_config 
WHERE image_model_config."key" = ?
 LIMIT ? OFFSET ?
2024-07-26 03:58:52,307 - MainThread - INFO - [cached since 1.173s ago] ('CURRENT_IMAGE_MODEL', 1, 0)
2024-07-26 03:58:52,309 - MainThread - INFO - ROLLBACK
2024-07-26 03:58:53,261 - MainThread - INFO - BEGIN (implicit)
2024-07-26 03:58:53,263 - MainThread - INFO - SELECT ai_model_config.id AS ai_model_config_id, ai_model_config."key" AS ai_model_config_key, ai_model_config.value AS ai_model_config_value 
FROM ai_model_config 
WHERE ai_model_config."key" = ?
 LIMIT ? OFFSET ?
2024-07-26 03:58:53,265 - MainThread - INFO - [generated in 0.00174s] ('CURRENT_AI_MODEL', 1, 0)
2024-07-26 03:58:53,267 - MainThread - INFO - SELECT ai_model_config.id AS ai_model_config_id, ai_model_config."key" AS ai_model_config_key, ai_model_config.value AS ai_model_config_value 
FROM ai_model_config 
WHERE ai_model_config."key" = ?
 LIMIT ? OFFSET ?
2024-07-26 03:58:53,268 - MainThread - INFO - [cached since 0.004619s ago] ('CURRENT_EMBEDDING_MODEL', 1, 0)
2024-07-26 03:58:53,269 - MainThread - INFO - ROLLBACK
2024-07-26 03:58:53,315 - MainThread - INFO - [31m[1mWARNING: This is a development server. Do not use it in a production deployment. Use a production WSGI server instead.[0m
 * Running on http://127.0.0.1:5000
2024-07-26 03:58:53,316 - MainThread - INFO - [33mPress CTRL+C to quit[0m
2024-07-26 03:58:54,865 - Thread-2 (process_request_thread) - INFO - BEGIN (implicit)
2024-07-26 03:58:54,867 - Thread-2 (process_request_thread) - INFO - SELECT ai_model_config.id AS ai_model_config_id, ai_model_config."key" AS ai_model_config_key, ai_model_config.value AS ai_model_config_value 
FROM ai_model_config 
WHERE ai_model_config."key" = ?
 LIMIT ? OFFSET ?
2024-07-26 03:58:54,868 - Thread-2 (process_request_thread) - INFO - [generated in 0.00155s] ('CURRENT_AI_MODEL', 1, 0)
2024-07-26 03:58:54,870 - Thread-2 (process_request_thread) - INFO - SELECT ai_model_config.id AS ai_model_config_id, ai_model_config."key" AS ai_model_config_key, ai_model_config.value AS ai_model_config_value 
FROM ai_model_config 
WHERE ai_model_config."key" = ?
 LIMIT ? OFFSET ?
2024-07-26 03:58:54,871 - Thread-2 (process_request_thread) - INFO - [cached since 0.004895s ago] ('CURRENT_EMBEDDING_MODEL', 1, 0)
2024-07-26 03:58:54,873 - Thread-2 (process_request_thread) - INFO - ROLLBACK
2024-07-26 03:58:54,883 - Thread-2 (process_request_thread) - INFO - 127.0.0.1 - - [26/Jul/2024 03:58:54] "GET / HTTP/1.1" 200 -
2024-07-26 03:58:55,093 - Thread-3 (process_request_thread) - INFO - 127.0.0.1 - - [26/Jul/2024 03:58:55] "[36mGET /static/css/index_styles.css HTTP/1.1[0m" 304 -
2024-07-26 03:58:55,106 - Thread-7 (process_request_thread) - INFO - 127.0.0.1 - - [26/Jul/2024 03:58:55] "[36mGET /static/background%20images/abstractfractal.jpg HTTP/1.1[0m" 304 -
2024-07-26 03:58:55,113 - Thread-5 (process_request_thread) - INFO - 127.0.0.1 - - [26/Jul/2024 03:58:55] "[36mGET /static/chatbot.js HTTP/1.1[0m" 304 -
2024-07-26 03:58:55,115 - Thread-4 (process_request_thread) - INFO - 127.0.0.1 - - [26/Jul/2024 03:58:55] "[36mGET /static/chatbot_display_thumbnails.js HTTP/1.1[0m" 304 -
2024-07-26 03:58:55,120 - Thread-6 (process_request_thread) - INFO - 127.0.0.1 - - [26/Jul/2024 03:58:55] "[36mGET /static/update_qanda_table.js HTTP/1.1[0m" 304 -
2024-07-26 03:58:57,481 - Thread-8 (process_request_thread) - INFO - 127.0.0.1 - - [26/Jul/2024 03:58:57] "GET /upload_image HTTP/1.1" 200 -
2024-07-26 03:58:57,504 - Thread-9 (process_request_thread) - INFO - 127.0.0.1 - - [26/Jul/2024 03:58:57] "[36mGET /static/css/redbanner.css HTTP/1.1[0m" 304 -
2024-07-26 03:58:57,512 - Thread-10 (process_request_thread) - INFO - 127.0.0.1 - - [26/Jul/2024 03:58:57] "[36mGET /static/css/upload_styles.css HTTP/1.1[0m" 304 -
2024-07-26 03:58:57,513 - Thread-11 (process_request_thread) - INFO - 127.0.0.1 - - [26/Jul/2024 03:58:57] "[36mGET /static/js/batch_upload.js HTTP/1.1[0m" 304 -
2024-07-26 03:58:57,514 - Thread-12 (process_request_thread) - INFO - 127.0.0.1 - - [26/Jul/2024 03:58:57] "[36mGET /static/js/image_upload.js HTTP/1.1[0m" 304 -
2024-07-26 03:58:57,515 - Thread-13 (process_request_thread) - INFO - 127.0.0.1 - - [26/Jul/2024 03:58:57] "[36mGET /static/js/upload_image.js HTTP/1.1[0m" 304 -
2024-07-26 03:58:57,518 - Thread-14 (process_request_thread) - INFO - 127.0.0.1 - - [26/Jul/2024 03:58:57] "[36mGET /static/js/upload_powerpoint.js HTTP/1.1[0m" 304 -
2024-07-26 03:58:57,521 - Thread-15 (process_request_thread) - INFO - 127.0.0.1 - - [26/Jul/2024 03:58:57] "[36mGET /static/js/document_search.js HTTP/1.1[0m" 304 -
2024-07-26 03:58:57,525 - Thread-16 (process_request_thread) - INFO - 127.0.0.1 - - [26/Jul/2024 03:58:57] "[36mGET /static/js/image_search.js HTTP/1.1[0m" 304 -
2024-07-26 03:58:57,529 - Thread-17 (process_request_thread) - INFO - 127.0.0.1 - - [26/Jul/2024 03:58:57] "[36mGET /static/js/powerpoint_search.js HTTP/1.1[0m" 304 -
2024-07-26 03:58:57,530 - Thread-18 (process_request_thread) - INFO - 127.0.0.1 - - [26/Jul/2024 03:58:57] "[36mGET /static/js/image_compare.js HTTP/1.1[0m" 304 -
2024-07-26 03:58:57,539 - Thread-19 (process_request_thread) - INFO - 127.0.0.1 - - [26/Jul/2024 03:58:57] "[36mGET /static/background%20images/abstractfractal.jpg HTTP/1.1[0m" 304 -
2024-07-26 03:58:57,570 - Thread-22 (process_request_thread) - INFO - 127.0.0.1 - - [26/Jul/2024 03:58:57] "[33mGET /get_search_powerpoint_list_data_bp HTTP/1.1[0m" 404 -
2024-07-26 03:58:57,572 - Thread-20 (process_request_thread) - INFO - BEGIN (implicit)
2024-07-26 03:58:57,574 - Thread-21 (process_request_thread) - INFO - BEGIN (implicit)
2024-07-26 03:58:57,574 - Thread-23 (process_request_thread) - INFO - Fetching image list data.
2024-07-26 03:58:57,581 - Thread-20 (process_request_thread) - INFO - SELECT area.id AS area_id, area.name AS area_name, area.description AS area_description 
FROM area
2024-07-26 03:58:57,584 - Thread-24 (process_request_thread) - INFO - BEGIN (implicit)
2024-07-26 03:58:57,587 - Thread-21 (process_request_thread) - INFO - SELECT area.id AS area_id, area.name AS area_name, area.description AS area_description 
FROM area
2024-07-26 03:58:57,587 - Thread-25 (process_request_thread) - INFO - BEGIN (implicit)
2024-07-26 03:58:57,591 - Thread-23 (process_request_thread) - INFO - BEGIN (implicit)
2024-07-26 03:58:57,591 - Thread-26 (process_request_thread) - INFO - BEGIN (implicit)
2024-07-26 03:58:57,592 - Thread-20 (process_request_thread) - INFO - [generated in 0.01052s] ()
2024-07-26 03:58:57,594 - Thread-24 (process_request_thread) - INFO - SELECT area.id AS area_id, area.name AS area_name, area.description AS area_description 
FROM area
2024-07-26 03:58:57,595 - Thread-21 (process_request_thread) - INFO - [generated in 0.00815s] ()
2024-07-26 03:58:57,596 - Thread-25 (process_request_thread) - INFO - SELECT area.id AS area_id, area.name AS area_name, area.description AS area_description 
FROM area
2024-07-26 03:58:57,599 - Thread-23 (process_request_thread) - INFO - SELECT area.id AS area_id, area.name AS area_name, area.description AS area_description 
FROM area
2024-07-26 03:58:57,601 - Thread-26 (process_request_thread) - INFO - SELECT area.id AS area_id, area.name AS area_name, area.description AS area_description 
FROM area
2024-07-26 03:58:57,602 - Thread-24 (process_request_thread) - INFO - [generated in 0.00807s] ()
2024-07-26 03:58:57,604 - Thread-20 (process_request_thread) - INFO - SELECT equipment_group.id AS equipment_group_id, equipment_group.name AS equipment_group_name, equipment_group.area_id AS equipment_group_area_id 
FROM equipment_group
2024-07-26 03:58:57,605 - Thread-25 (process_request_thread) - INFO - [generated in 0.00820s] ()
2024-07-26 03:58:57,605 - Thread-23 (process_request_thread) - INFO - [generated in 0.00665s] ()
2024-07-26 03:58:57,606 - Thread-21 (process_request_thread) - INFO - SELECT equipment_group.id AS equipment_group_id, equipment_group.name AS equipment_group_name, equipment_group.area_id AS equipment_group_area_id 
FROM equipment_group
2024-07-26 03:58:57,606 - Thread-26 (process_request_thread) - INFO - [generated in 0.00597s] ()
2024-07-26 03:58:57,608 - Thread-20 (process_request_thread) - INFO - [generated in 0.00350s] ()
2024-07-26 03:58:57,609 - Thread-24 (process_request_thread) - INFO - SELECT equipment_group.id AS equipment_group_id, equipment_group.name AS equipment_group_name, equipment_group.area_id AS equipment_group_area_id 
FROM equipment_group
2024-07-26 03:58:57,611 - Thread-21 (process_request_thread) - INFO - [generated in 0.00489s] ()
2024-07-26 03:58:57,612 - Thread-25 (process_request_thread) - INFO - SELECT equipment_group.id AS equipment_group_id, equipment_group.name AS equipment_group_name, equipment_group.area_id AS equipment_group_area_id 
FROM equipment_group
2024-07-26 03:58:57,613 - Thread-23 (process_request_thread) - INFO - SELECT equipment_group.id AS equipment_group_id, equipment_group.name AS equipment_group_name, equipment_group.area_id AS equipment_group_area_id 
FROM equipment_group
2024-07-26 03:58:57,616 - Thread-26 (process_request_thread) - INFO - SELECT equipment_group.id AS equipment_group_id, equipment_group.name AS equipment_group_name, equipment_group.area_id AS equipment_group_area_id 
FROM equipment_group
2024-07-26 03:58:57,617 - Thread-24 (process_request_thread) - INFO - [generated in 0.00733s] ()
2024-07-26 03:58:57,618 - Thread-20 (process_request_thread) - INFO - SELECT model.id AS model_id, model.name AS model_name, model.description AS model_description, model.equipment_group_id AS model_equipment_group_id 
FROM model
2024-07-26 03:58:57,620 - Thread-21 (process_request_thread) - INFO - SELECT model.id AS model_id, model.name AS model_name, model.description AS model_description, model.equipment_group_id AS model_equipment_group_id 
FROM model
2024-07-26 03:58:57,620 - Thread-25 (process_request_thread) - INFO - [generated in 0.00879s] ()
2024-07-26 03:58:57,621 - Thread-23 (process_request_thread) - INFO - [generated in 0.00827s] ()
2024-07-26 03:58:57,622 - Thread-26 (process_request_thread) - INFO - [generated in 0.00546s] ()
2024-07-26 03:58:57,623 - Thread-20 (process_request_thread) - INFO - [generated in 0.00478s] ()
2024-07-26 03:58:57,624 - Thread-24 (process_request_thread) - INFO - SELECT model.id AS model_id, model.name AS model_name, model.description AS model_description, model.equipment_group_id AS model_equipment_group_id 
FROM model
2024-07-26 03:58:57,624 - Thread-21 (process_request_thread) - INFO - [generated in 0.00406s] ()
2024-07-26 03:58:57,626 - Thread-25 (process_request_thread) - INFO - SELECT model.id AS model_id, model.name AS model_name, model.description AS model_description, model.equipment_group_id AS model_equipment_group_id 
FROM model
2024-07-26 03:58:57,628 - Thread-23 (process_request_thread) - INFO - SELECT model.id AS model_id, model.name AS model_name, model.description AS model_description, model.equipment_group_id AS model_equipment_group_id 
FROM model
2024-07-26 03:58:57,629 - Thread-26 (process_request_thread) - INFO - SELECT model.id AS model_id, model.name AS model_name, model.description AS model_description, model.equipment_group_id AS model_equipment_group_id 
FROM model
2024-07-26 03:58:57,633 - Thread-20 (process_request_thread) - INFO - SELECT asset_number.id AS asset_number_id, asset_number.number AS asset_number_number, asset_number.description AS asset_number_description, asset_number.model_id AS asset_number_model_id 
FROM asset_number
2024-07-26 03:58:57,633 - Thread-24 (process_request_thread) - INFO - [generated in 0.00903s] ()
2024-07-26 03:58:57,636 - Thread-21 (process_request_thread) - INFO - SELECT asset_number.id AS asset_number_id, asset_number.number AS asset_number_number, asset_number.description AS asset_number_description, asset_number.model_id AS asset_number_model_id 
FROM asset_number
2024-07-26 03:58:57,637 - Thread-25 (process_request_thread) - INFO - [generated in 0.01040s] ()
2024-07-26 03:58:57,637 - Thread-23 (process_request_thread) - INFO - [generated in 0.00911s] ()
2024-07-26 03:58:57,638 - Thread-26 (process_request_thread) - INFO - [generated in 0.00848s] ()
2024-07-26 03:58:57,639 - Thread-20 (process_request_thread) - INFO - [generated in 0.00605s] ()
2024-07-26 03:58:57,907 - Thread-24 (process_request_thread) - INFO - SELECT asset_number.id AS asset_number_id, asset_number.number AS asset_number_number, asset_number.description AS asset_number_description, asset_number.model_id AS asset_number_model_id 
FROM asset_number
2024-07-26 03:58:57,907 - Thread-21 (process_request_thread) - INFO - [generated in 0.26994s] ()
2024-07-26 03:58:57,910 - Thread-25 (process_request_thread) - INFO - SELECT asset_number.id AS asset_number_id, asset_number.number AS asset_number_number, asset_number.description AS asset_number_description, asset_number.model_id AS asset_number_model_id 
FROM asset_number
2024-07-26 03:58:57,911 - Thread-23 (process_request_thread) - INFO - SELECT asset_number.id AS asset_number_id, asset_number.number AS asset_number_number, asset_number.description AS asset_number_description, asset_number.model_id AS asset_number_model_id 
FROM asset_number
2024-07-26 03:58:57,913 - Thread-26 (process_request_thread) - INFO - SELECT asset_number.id AS asset_number_id, asset_number.number AS asset_number_number, asset_number.description AS asset_number_description, asset_number.model_id AS asset_number_model_id 
FROM asset_number
2024-07-26 03:58:57,914 - Thread-24 (process_request_thread) - INFO - [generated in 0.00787s] ()
2024-07-26 03:58:57,917 - Thread-20 (process_request_thread) - INFO - SELECT location.id AS location_id, location.name AS location_name, location.model_id AS location_model_id 
FROM location
2024-07-26 03:58:57,921 - Thread-21 (process_request_thread) - INFO - SELECT location.id AS location_id, location.name AS location_name, location.model_id AS location_model_id 
FROM location
2024-07-26 03:58:57,921 - Thread-25 (process_request_thread) - INFO - [generated in 0.01075s] ()
2024-07-26 03:58:57,922 - Thread-23 (process_request_thread) - INFO - [generated in 0.01044s] ()
2024-07-26 03:58:57,923 - Thread-26 (process_request_thread) - INFO - [generated in 0.00977s] ()
2024-07-26 03:58:57,924 - Thread-20 (process_request_thread) - INFO - [generated in 0.00673s] ()
2024-07-26 03:58:57,928 - Thread-24 (process_request_thread) - INFO - SELECT location.id AS location_id, location.name AS location_name, location.model_id AS location_model_id 
FROM location
2024-07-26 03:58:57,928 - Thread-21 (process_request_thread) - INFO - [generated in 0.00754s] ()
2024-07-26 03:58:57,931 - Thread-24 (process_request_thread) - INFO - [generated in 0.00349s] ()
2024-07-26 03:58:57,941 - Thread-20 (process_request_thread) - INFO - ROLLBACK
2024-07-26 03:58:57,943 - Thread-20 (process_request_thread) - INFO - 127.0.0.1 - - [26/Jul/2024 03:58:57] "GET /batch/get_batch_list_data HTTP/1.1" 200 -
2024-07-26 03:58:57,945 - Thread-21 (process_request_thread) - INFO - ROLLBACK
2024-07-26 03:58:57,948 - Thread-21 (process_request_thread) - INFO - 127.0.0.1 - - [26/Jul/2024 03:58:57] "GET /get_list_data HTTP/1.1" 200 -
2024-07-26 03:58:57,951 - Thread-24 (process_request_thread) - INFO - ROLLBACK
2024-07-26 03:58:57,953 - Thread-24 (process_request_thread) - INFO - 127.0.0.1 - - [26/Jul/2024 03:58:57] "GET /get_powerpoint_list_data_bp HTTP/1.1" 200 -
2024-07-26 03:58:57,958 - Thread-25 (process_request_thread) - INFO - SELECT location.id AS location_id, location.name AS location_name, location.model_id AS location_model_id 
FROM location
2024-07-26 03:58:57,961 - Thread-23 (process_request_thread) - INFO - SELECT location.id AS location_id, location.name AS location_name, location.model_id AS location_model_id 
FROM location
2024-07-26 03:58:57,965 - Thread-26 (process_request_thread) - INFO - SELECT location.id AS location_id, location.name AS location_name, location.model_id AS location_model_id 
FROM location
2024-07-26 03:58:57,966 - Thread-25 (process_request_thread) - INFO - [generated in 0.00834s] ()
2024-07-26 03:58:57,967 - Thread-23 (process_request_thread) - INFO - [generated in 0.00568s] ()
2024-07-26 03:58:57,968 - Thread-26 (process_request_thread) - INFO - [generated in 0.00242s] ()
2024-07-26 03:58:57,973 - Thread-25 (process_request_thread) - INFO - ROLLBACK
2024-07-26 03:58:57,974 - Thread-23 (process_request_thread) - INFO - Successfully fetched data from the database.
2024-07-26 03:58:57,976 - Thread-26 (process_request_thread) - INFO - ROLLBACK
2024-07-26 03:58:57,977 - Thread-25 (process_request_thread) - INFO - 127.0.0.1 - - [26/Jul/2024 03:58:57] "GET /get_completedocument_list_data_bp HTTP/1.1" 200 -
2024-07-26 03:58:57,978 - Thread-23 (process_request_thread) - INFO - ROLLBACK
2024-07-26 03:58:57,980 - Thread-26 (process_request_thread) - INFO - 127.0.0.1 - - [26/Jul/2024 03:58:57] "GET /get_search_image_list_data_bp HTTP/1.1" 200 -
2024-07-26 03:58:57,981 - Thread-23 (process_request_thread) - INFO - Session closed.
2024-07-26 03:58:57,982 - Thread-23 (process_request_thread) - INFO - Returning JSON response with image list data.
2024-07-26 03:58:57,984 - Thread-23 (process_request_thread) - INFO - 127.0.0.1 - - [26/Jul/2024 03:58:57] "GET /get_image_list_data HTTP/1.1" 200 -
2024-07-26 03:59:35,043 - Thread-27 (process_request_thread) - INFO - Received a request to add documents
2024-07-26 03:59:35,051 - Thread-27 (process_request_thread) - INFO - Number of files received: 1
2024-07-26 03:59:35,053 - Thread-27 (process_request_thread) - INFO - BEGIN (implicit)
2024-07-26 03:59:35,054 - Thread-27 (process_request_thread) - INFO - SELECT area.id AS area_id, area.name AS area_name, area.description AS area_description 
FROM area 
WHERE area.id = ?
 LIMIT ? OFFSET ?
2024-07-26 03:59:35,055 - Thread-27 (process_request_thread) - INFO - [generated in 0.00111s] ('11', 1, 0)
2024-07-26 03:59:35,057 - Thread-27 (process_request_thread) - INFO - SELECT equipment_group.id AS equipment_group_id, equipment_group.name AS equipment_group_name, equipment_group.area_id AS equipment_group_area_id 
FROM equipment_group 
WHERE equipment_group.id = ?
 LIMIT ? OFFSET ?
2024-07-26 03:59:35,058 - Thread-27 (process_request_thread) - INFO - [generated in 0.00119s] ('14', 1, 0)
2024-07-26 03:59:35,062 - Thread-27 (process_request_thread) - INFO - SELECT position.id AS position_id, position.area_id AS position_area_id, position.equipment_group_id AS position_equipment_group_id, position.model_id AS position_model_id, position.asset_number_id AS position_asset_number_id, position.location_id AS position_location_id, position.site_location_id AS position_site_location_id 
FROM position 
WHERE ? = position.area_id AND ? = position.equipment_group_id AND position.model_id IS NULL AND position.asset_number_id IS NULL AND position.location_id IS NULL AND position.site_location_id IS NULL
 LIMIT ? OFFSET ?
2024-07-26 03:59:35,064 - Thread-27 (process_request_thread) - INFO - [generated in 0.00194s] (11, 14, 1, 0)
2024-07-26 03:59:35,068 - Thread-27 (process_request_thread) - INFO - INSERT INTO position (area_id, equipment_group_id, model_id, asset_number_id, location_id, site_location_id) VALUES (?, ?, ?, ?, ?, ?)
2024-07-26 03:59:35,069 - Thread-27 (process_request_thread) - INFO - [generated in 0.00084s] (11, 14, None, None, None, None)
2024-07-26 03:59:35,072 - Thread-27 (process_request_thread) - INFO - COMMIT
2024-07-26 03:59:35,077 - Thread-27 (process_request_thread) - INFO - BEGIN (implicit)
2024-07-26 03:59:35,078 - Thread-27 (process_request_thread) - INFO - SELECT position.id AS position_id, position.area_id AS position_area_id, position.equipment_group_id AS position_equipment_group_id, position.model_id AS position_model_id, position.asset_number_id AS position_asset_number_id, position.location_id AS position_location_id, position.site_location_id AS position_site_location_id 
FROM position 
WHERE position.id = ?
2024-07-26 03:59:35,079 - Thread-27 (process_request_thread) - INFO - [generated in 0.00121s] (70,)
2024-07-26 03:59:35,080 - Thread-27 (process_request_thread) - INFO - Created new Position with ID: 70
2024-07-26 03:59:35,081 - Thread-27 (process_request_thread) - INFO - ROLLBACK
2024-07-26 03:59:35,081 - Thread-27 (process_request_thread) - INFO - Processed position ID: 70
2024-07-26 03:59:35,082 - Thread-27 (process_request_thread) - INFO - Number of CPU cores available: 16
2024-07-26 03:59:35,082 - Thread-27 (process_request_thread) - INFO - Using 16 workers based on CPU count.
2024-07-26 03:59:35,095 - Thread-27 (process_request_thread) - INFO - Saved file: c:\Users\10169062\Desktop\AuMaintdb\Database\DB_DOC\ThermalPak__TP-4000__Manual_1.13_9-03.pdf
2024-07-26 03:59:35,096 - ThreadPoolExecutor-0_0 - INFO - [Thread 21420] Started processing file: c:\Users\10169062\Desktop\AuMaintdb\Database\DB_DOC\ThermalPak__TP-4000__Manual_1.13_9-03.pdf
2024-07-26 03:59:35,097 - ThreadPoolExecutor-0_0 - INFO - [Thread 21420] Session started for file: c:\Users\10169062\Desktop\AuMaintdb\Database\DB_DOC\ThermalPak__TP-4000__Manual_1.13_9-03.pdf
2024-07-26 03:59:35,098 - ThreadPoolExecutor-1_0 - INFO - [Thread 35584] Extracting text from PDF...
2024-07-26 03:59:35,099 - ThreadPoolExecutor-1_1 - INFO - [Thread 24048] Extracting images from PDF...
2024-07-26 03:59:35,099 - ThreadPoolExecutor-1_0 - INFO - Starting extract_text_from_pdf
2024-07-26 03:59:59,255 - ThreadPoolExecutor-1_0 - INFO - Successfully extracted text from PDF
2024-07-26 03:59:59,255 - ThreadPoolExecutor-1_0 - INFO - [Thread 35584] Text extracted from PDF.
2024-07-26 03:59:59,256 - ThreadPoolExecutor-0_0 - ERROR - [Thread 21420] An error occurred in add_document_to_db_multithread: extract_images_from_pdf() takes 4 positional arguments but 5 were given
2024-07-26 03:59:59,257 - ThreadPoolExecutor-0_0 - ERROR - [Thread 21420] Attempted Processed file: c:\Users\10169062\Desktop\AuMaintdb\Database\DB_DOC\ThermalPak__TP-4000__Manual_1.13_9-03.pdf
2024-07-26 03:59:59,257 - Thread-27 (process_request_thread) - INFO - Successfully processed all files
2024-07-26 03:59:59,268 - Thread-27 (process_request_thread) - INFO - 127.0.0.1 - - [26/Jul/2024 03:59:59] "[32mPOST /documents/add_document HTTP/1.1[0m" 302 -
2024-07-26 03:59:59,408 - Thread-28 (process_request_thread) - INFO - 127.0.0.1 - - [26/Jul/2024 03:59:59] "GET /success HTTP/1.1" 200 -
