2024-07-26 02:56:51,205 - MainThread - INFO - BEGIN (implicit)
2024-07-26 02:56:51,207 - MainThread - INFO - SELECT image_model_config.id AS image_model_config_id, image_model_config."key" AS image_model_config_key, image_model_config.value AS image_model_config_value 
FROM image_model_config 
WHERE image_model_config."key" = ?
 LIMIT ? OFFSET ?
2024-07-26 02:56:51,208 - MainThread - INFO - [generated in 0.00141s] ('CURRENT_IMAGE_MODEL', 1, 0)
2024-07-26 02:56:51,209 - MainThread - INFO - ROLLBACK
2024-07-26 02:56:52,905 - MainThread - INFO - BEGIN (implicit)
2024-07-26 02:56:52,906 - MainThread - INFO - SELECT image_model_config.id AS image_model_config_id, image_model_config."key" AS image_model_config_key, image_model_config.value AS image_model_config_value 
FROM image_model_config 
WHERE image_model_config."key" = ?
 LIMIT ? OFFSET ?
2024-07-26 02:56:52,907 - MainThread - INFO - [cached since 1.7s ago] ('CURRENT_IMAGE_MODEL', 1, 0)
2024-07-26 02:56:52,909 - MainThread - INFO - ROLLBACK
2024-07-26 02:56:53,862 - MainThread - INFO - BEGIN (implicit)
2024-07-26 02:56:53,863 - MainThread - INFO - SELECT ai_model_config.id AS ai_model_config_id, ai_model_config."key" AS ai_model_config_key, ai_model_config.value AS ai_model_config_value 
FROM ai_model_config 
WHERE ai_model_config."key" = ?
 LIMIT ? OFFSET ?
2024-07-26 02:56:53,864 - MainThread - INFO - [generated in 0.00097s] ('CURRENT_AI_MODEL', 1, 0)
2024-07-26 02:56:53,865 - MainThread - INFO - SELECT ai_model_config.id AS ai_model_config_id, ai_model_config."key" AS ai_model_config_key, ai_model_config.value AS ai_model_config_value 
FROM ai_model_config 
WHERE ai_model_config."key" = ?
 LIMIT ? OFFSET ?
2024-07-26 02:56:53,866 - MainThread - INFO - [cached since 0.003262s ago] ('CURRENT_EMBEDDING_MODEL', 1, 0)
2024-07-26 02:56:53,867 - MainThread - INFO - ROLLBACK
2024-07-26 02:56:53,912 - MainThread - INFO - [31m[1mWARNING: This is a development server. Do not use it in a production deployment. Use a production WSGI server instead.[0m
 * Running on http://127.0.0.1:5000
2024-07-26 02:56:53,913 - MainThread - INFO - [33mPress CTRL+C to quit[0m
2024-07-26 02:56:55,419 - Thread-2 (process_request_thread) - INFO - BEGIN (implicit)
2024-07-26 02:56:55,422 - Thread-2 (process_request_thread) - INFO - SELECT ai_model_config.id AS ai_model_config_id, ai_model_config."key" AS ai_model_config_key, ai_model_config.value AS ai_model_config_value 
FROM ai_model_config 
WHERE ai_model_config."key" = ?
 LIMIT ? OFFSET ?
2024-07-26 02:56:55,423 - Thread-2 (process_request_thread) - INFO - [generated in 0.00158s] ('CURRENT_AI_MODEL', 1, 0)
2024-07-26 02:56:55,425 - Thread-2 (process_request_thread) - INFO - SELECT ai_model_config.id AS ai_model_config_id, ai_model_config."key" AS ai_model_config_key, ai_model_config.value AS ai_model_config_value 
FROM ai_model_config 
WHERE ai_model_config."key" = ?
 LIMIT ? OFFSET ?
2024-07-26 02:56:55,426 - Thread-2 (process_request_thread) - INFO - [cached since 0.004822s ago] ('CURRENT_EMBEDDING_MODEL', 1, 0)
2024-07-26 02:56:55,428 - Thread-2 (process_request_thread) - INFO - ROLLBACK
2024-07-26 02:56:55,439 - Thread-2 (process_request_thread) - INFO - 127.0.0.1 - - [26/Jul/2024 02:56:55] "GET / HTTP/1.1" 200 -
2024-07-26 02:56:55,812 - Thread-5 (process_request_thread) - INFO - 127.0.0.1 - - [26/Jul/2024 02:56:55] "[36mGET /static/update_qanda_table.js HTTP/1.1[0m" 304 -
2024-07-26 02:56:55,813 - Thread-6 (process_request_thread) - INFO - 127.0.0.1 - - [26/Jul/2024 02:56:55] "[36mGET /static/chatbot.js HTTP/1.1[0m" 304 -
2024-07-26 02:56:55,815 - Thread-3 (process_request_thread) - INFO - 127.0.0.1 - - [26/Jul/2024 02:56:55] "[36mGET /static/css/index_styles.css HTTP/1.1[0m" 304 -
2024-07-26 02:56:55,816 - Thread-4 (process_request_thread) - INFO - 127.0.0.1 - - [26/Jul/2024 02:56:55] "[36mGET /static/chatbot_display_thumbnails.js HTTP/1.1[0m" 304 -
2024-07-26 02:56:55,827 - Thread-7 (process_request_thread) - INFO - 127.0.0.1 - - [26/Jul/2024 02:56:55] "[36mGET /static/background%20images/abstractfractal.jpg HTTP/1.1[0m" 304 -
2024-07-26 02:57:07,007 - Thread-8 (process_request_thread) - INFO - 127.0.0.1 - - [26/Jul/2024 02:57:07] "GET /upload_image HTTP/1.1" 200 -
2024-07-26 02:57:07,031 - Thread-9 (process_request_thread) - INFO - 127.0.0.1 - - [26/Jul/2024 02:57:07] "[36mGET /static/css/redbanner.css HTTP/1.1[0m" 304 -
2024-07-26 02:57:07,038 - Thread-11 (process_request_thread) - INFO - 127.0.0.1 - - [26/Jul/2024 02:57:07] "[36mGET /static/js/batch_upload.js HTTP/1.1[0m" 304 -
2024-07-26 02:57:07,039 - Thread-10 (process_request_thread) - INFO - 127.0.0.1 - - [26/Jul/2024 02:57:07] "[36mGET /static/css/upload_styles.css HTTP/1.1[0m" 304 -
2024-07-26 02:57:07,040 - Thread-12 (process_request_thread) - INFO - 127.0.0.1 - - [26/Jul/2024 02:57:07] "[36mGET /static/js/upload_image.js HTTP/1.1[0m" 304 -
2024-07-26 02:57:07,042 - Thread-13 (process_request_thread) - INFO - 127.0.0.1 - - [26/Jul/2024 02:57:07] "[36mGET /static/js/image_upload.js HTTP/1.1[0m" 304 -
2024-07-26 02:57:07,046 - Thread-14 (process_request_thread) - INFO - 127.0.0.1 - - [26/Jul/2024 02:57:07] "[36mGET /static/js/upload_powerpoint.js HTTP/1.1[0m" 304 -
2024-07-26 02:57:07,051 - Thread-15 (process_request_thread) - INFO - 127.0.0.1 - - [26/Jul/2024 02:57:07] "[36mGET /static/js/document_search.js HTTP/1.1[0m" 304 -
2024-07-26 02:57:07,053 - Thread-16 (process_request_thread) - INFO - 127.0.0.1 - - [26/Jul/2024 02:57:07] "[36mGET /static/js/image_search.js HTTP/1.1[0m" 304 -
2024-07-26 02:57:07,053 - Thread-17 (process_request_thread) - INFO - 127.0.0.1 - - [26/Jul/2024 02:57:07] "[36mGET /static/js/powerpoint_search.js HTTP/1.1[0m" 304 -
2024-07-26 02:57:07,059 - Thread-18 (process_request_thread) - INFO - 127.0.0.1 - - [26/Jul/2024 02:57:07] "[36mGET /static/js/image_compare.js HTTP/1.1[0m" 304 -
2024-07-26 02:57:07,065 - Thread-19 (process_request_thread) - INFO - 127.0.0.1 - - [26/Jul/2024 02:57:07] "[36mGET /static/background%20images/abstractfractal.jpg HTTP/1.1[0m" 304 -
2024-07-26 02:57:07,095 - Thread-22 (process_request_thread) - INFO - Fetching image list data.
2024-07-26 02:57:07,099 - Thread-23 (process_request_thread) - INFO - BEGIN (implicit)
2024-07-26 02:57:07,099 - Thread-21 (process_request_thread) - INFO - BEGIN (implicit)
2024-07-26 02:57:07,099 - Thread-20 (process_request_thread) - INFO - BEGIN (implicit)
2024-07-26 02:57:07,102 - Thread-22 (process_request_thread) - INFO - BEGIN (implicit)
2024-07-26 02:57:07,103 - Thread-23 (process_request_thread) - INFO - SELECT area.id AS area_id, area.name AS area_name, area.description AS area_description 
FROM area
2024-07-26 02:57:07,104 - Thread-25 (process_request_thread) - INFO - BEGIN (implicit)
2024-07-26 02:57:07,104 - Thread-24 (process_request_thread) - INFO - BEGIN (implicit)
2024-07-26 02:57:07,105 - Thread-21 (process_request_thread) - INFO - SELECT area.id AS area_id, area.name AS area_name, area.description AS area_description 
FROM area
2024-07-26 02:57:07,107 - Thread-20 (process_request_thread) - INFO - SELECT area.id AS area_id, area.name AS area_name, area.description AS area_description 
FROM area
2024-07-26 02:57:07,109 - Thread-22 (process_request_thread) - INFO - SELECT area.id AS area_id, area.name AS area_name, area.description AS area_description 
FROM area
2024-07-26 02:57:07,110 - Thread-23 (process_request_thread) - INFO - [generated in 0.00717s] ()
2024-07-26 02:57:07,111 - Thread-25 (process_request_thread) - INFO - SELECT area.id AS area_id, area.name AS area_name, area.description AS area_description 
FROM area
2024-07-26 02:57:07,113 - Thread-24 (process_request_thread) - INFO - SELECT area.id AS area_id, area.name AS area_name, area.description AS area_description 
FROM area
2024-07-26 02:57:07,113 - Thread-21 (process_request_thread) - INFO - [generated in 0.00876s] ()
2024-07-26 02:57:07,114 - Thread-20 (process_request_thread) - INFO - [generated in 0.00773s] ()
2024-07-26 02:57:07,115 - Thread-22 (process_request_thread) - INFO - [generated in 0.00624s] ()
2024-07-26 02:57:07,116 - Thread-25 (process_request_thread) - INFO - [generated in 0.00457s] ()
2024-07-26 02:57:07,117 - Thread-24 (process_request_thread) - INFO - [generated in 0.00436s] ()
2024-07-26 02:57:07,120 - Thread-23 (process_request_thread) - INFO - SELECT equipment_group.id AS equipment_group_id, equipment_group.name AS equipment_group_name, equipment_group.area_id AS equipment_group_area_id 
FROM equipment_group
2024-07-26 02:57:07,124 - Thread-21 (process_request_thread) - INFO - SELECT equipment_group.id AS equipment_group_id, equipment_group.name AS equipment_group_name, equipment_group.area_id AS equipment_group_area_id 
FROM equipment_group
2024-07-26 02:57:07,127 - Thread-22 (process_request_thread) - INFO - SELECT equipment_group.id AS equipment_group_id, equipment_group.name AS equipment_group_name, equipment_group.area_id AS equipment_group_area_id 
FROM equipment_group
2024-07-26 02:57:07,129 - Thread-20 (process_request_thread) - INFO - SELECT equipment_group.id AS equipment_group_id, equipment_group.name AS equipment_group_name, equipment_group.area_id AS equipment_group_area_id 
FROM equipment_group
2024-07-26 02:57:07,132 - Thread-25 (process_request_thread) - INFO - SELECT equipment_group.id AS equipment_group_id, equipment_group.name AS equipment_group_name, equipment_group.area_id AS equipment_group_area_id 
FROM equipment_group
2024-07-26 02:57:07,133 - Thread-24 (process_request_thread) - INFO - SELECT equipment_group.id AS equipment_group_id, equipment_group.name AS equipment_group_name, equipment_group.area_id AS equipment_group_area_id 
FROM equipment_group
2024-07-26 02:57:07,133 - Thread-23 (process_request_thread) - INFO - [generated in 0.01339s] ()
2024-07-26 02:57:07,134 - Thread-21 (process_request_thread) - INFO - [generated in 0.01019s] ()
2024-07-26 02:57:07,135 - Thread-22 (process_request_thread) - INFO - [generated in 0.00782s] ()
2024-07-26 02:57:07,136 - Thread-20 (process_request_thread) - INFO - [generated in 0.00634s] ()
2024-07-26 02:57:07,136 - Thread-25 (process_request_thread) - INFO - [generated in 0.00446s] ()
2024-07-26 02:57:07,137 - Thread-24 (process_request_thread) - INFO - [generated in 0.00350s] ()
2024-07-26 02:57:07,140 - Thread-23 (process_request_thread) - INFO - SELECT model.id AS model_id, model.name AS model_name, model.description AS model_description, model.equipment_group_id AS model_equipment_group_id 
FROM model
2024-07-26 02:57:07,142 - Thread-21 (process_request_thread) - INFO - SELECT model.id AS model_id, model.name AS model_name, model.description AS model_description, model.equipment_group_id AS model_equipment_group_id 
FROM model
2024-07-26 02:57:07,145 - Thread-22 (process_request_thread) - INFO - SELECT model.id AS model_id, model.name AS model_name, model.description AS model_description, model.equipment_group_id AS model_equipment_group_id 
FROM model
2024-07-26 02:57:07,147 - Thread-20 (process_request_thread) - INFO - SELECT model.id AS model_id, model.name AS model_name, model.description AS model_description, model.equipment_group_id AS model_equipment_group_id 
FROM model
2024-07-26 02:57:07,148 - Thread-25 (process_request_thread) - INFO - SELECT model.id AS model_id, model.name AS model_name, model.description AS model_description, model.equipment_group_id AS model_equipment_group_id 
FROM model
2024-07-26 02:57:07,149 - Thread-24 (process_request_thread) - INFO - SELECT model.id AS model_id, model.name AS model_name, model.description AS model_description, model.equipment_group_id AS model_equipment_group_id 
FROM model
2024-07-26 02:57:07,149 - Thread-23 (process_request_thread) - INFO - [generated in 0.00917s] ()
2024-07-26 02:57:07,150 - Thread-21 (process_request_thread) - INFO - [generated in 0.00694s] ()
2024-07-26 02:57:07,151 - Thread-22 (process_request_thread) - INFO - [generated in 0.00560s] ()
2024-07-26 02:57:07,151 - Thread-20 (process_request_thread) - INFO - [generated in 0.00497s] ()
2024-07-26 02:57:07,152 - Thread-25 (process_request_thread) - INFO - [generated in 0.00385s] ()
2024-07-26 02:57:07,153 - Thread-24 (process_request_thread) - INFO - [generated in 0.00333s] ()
2024-07-26 02:57:07,157 - Thread-23 (process_request_thread) - INFO - SELECT asset_number.id AS asset_number_id, asset_number.number AS asset_number_number, asset_number.description AS asset_number_description, asset_number.model_id AS asset_number_model_id 
FROM asset_number
2024-07-26 02:57:07,161 - Thread-21 (process_request_thread) - INFO - SELECT asset_number.id AS asset_number_id, asset_number.number AS asset_number_number, asset_number.description AS asset_number_description, asset_number.model_id AS asset_number_model_id 
FROM asset_number
2024-07-26 02:57:07,166 - Thread-22 (process_request_thread) - INFO - SELECT asset_number.id AS asset_number_id, asset_number.number AS asset_number_number, asset_number.description AS asset_number_description, asset_number.model_id AS asset_number_model_id 
FROM asset_number
2024-07-26 02:57:07,429 - Thread-20 (process_request_thread) - INFO - SELECT asset_number.id AS asset_number_id, asset_number.number AS asset_number_number, asset_number.description AS asset_number_description, asset_number.model_id AS asset_number_model_id 
FROM asset_number
2024-07-26 02:57:07,431 - Thread-25 (process_request_thread) - INFO - SELECT asset_number.id AS asset_number_id, asset_number.number AS asset_number_number, asset_number.description AS asset_number_description, asset_number.model_id AS asset_number_model_id 
FROM asset_number
2024-07-26 02:57:07,433 - Thread-24 (process_request_thread) - INFO - SELECT asset_number.id AS asset_number_id, asset_number.number AS asset_number_number, asset_number.description AS asset_number_description, asset_number.model_id AS asset_number_model_id 
FROM asset_number
2024-07-26 02:57:07,433 - Thread-23 (process_request_thread) - INFO - [generated in 0.27618s] ()
2024-07-26 02:57:07,434 - Thread-21 (process_request_thread) - INFO - [generated in 0.27339s] ()
2024-07-26 02:57:07,435 - Thread-22 (process_request_thread) - INFO - [generated in 0.26956s] ()
2024-07-26 02:57:07,435 - Thread-20 (process_request_thread) - INFO - [generated in 0.00601s] ()
2024-07-26 02:57:07,436 - Thread-25 (process_request_thread) - INFO - [generated in 0.00482s] ()
2024-07-26 02:57:07,437 - Thread-24 (process_request_thread) - INFO - [generated in 0.00365s] ()
2024-07-26 02:57:07,449 - Thread-23 (process_request_thread) - INFO - SELECT location.id AS location_id, location.name AS location_name, location.model_id AS location_model_id 
FROM location
2024-07-26 02:57:07,450 - Thread-23 (process_request_thread) - INFO - [generated in 0.00159s] ()
2024-07-26 02:57:07,460 - Thread-23 (process_request_thread) - INFO - ROLLBACK
2024-07-26 02:57:07,464 - Thread-21 (process_request_thread) - INFO - SELECT location.id AS location_id, location.name AS location_name, location.model_id AS location_model_id 
FROM location
2024-07-26 02:57:07,466 - Thread-22 (process_request_thread) - INFO - SELECT location.id AS location_id, location.name AS location_name, location.model_id AS location_model_id 
FROM location
2024-07-26 02:57:07,469 - Thread-24 (process_request_thread) - INFO - SELECT location.id AS location_id, location.name AS location_name, location.model_id AS location_model_id 
FROM location
2024-07-26 02:57:07,470 - Thread-23 (process_request_thread) - INFO - 127.0.0.1 - - [26/Jul/2024 02:57:07] "GET /get_powerpoint_list_data_bp HTTP/1.1" 200 -
2024-07-26 02:57:07,472 - Thread-25 (process_request_thread) - INFO - SELECT location.id AS location_id, location.name AS location_name, location.model_id AS location_model_id 
FROM location
2024-07-26 02:57:07,477 - Thread-20 (process_request_thread) - INFO - SELECT location.id AS location_id, location.name AS location_name, location.model_id AS location_model_id 
FROM location
2024-07-26 02:57:07,478 - Thread-21 (process_request_thread) - INFO - [generated in 0.01354s] ()
2024-07-26 02:57:07,478 - Thread-22 (process_request_thread) - INFO - [generated in 0.01268s] ()
2024-07-26 02:57:07,479 - Thread-24 (process_request_thread) - INFO - [generated in 0.01063s] ()
2024-07-26 02:57:07,480 - Thread-25 (process_request_thread) - INFO - [generated in 0.00796s] ()
2024-07-26 02:57:07,481 - Thread-20 (process_request_thread) - INFO - [generated in 0.00437s] ()
2024-07-26 02:57:07,484 - Thread-26 (process_request_thread) - INFO - 127.0.0.1 - - [26/Jul/2024 02:57:07] "[33mGET /get_search_powerpoint_list_data_bp HTTP/1.1[0m" 404 -
2024-07-26 02:57:07,490 - Thread-21 (process_request_thread) - INFO - ROLLBACK
2024-07-26 02:57:07,493 - Thread-21 (process_request_thread) - INFO - 127.0.0.1 - - [26/Jul/2024 02:57:07] "GET /get_list_data HTTP/1.1" 200 -
2024-07-26 02:57:07,496 - Thread-22 (process_request_thread) - INFO - Successfully fetched data from the database.
2024-07-26 02:57:07,498 - Thread-22 (process_request_thread) - INFO - ROLLBACK
2024-07-26 02:57:07,500 - Thread-22 (process_request_thread) - INFO - Session closed.
2024-07-26 02:57:07,502 - Thread-24 (process_request_thread) - INFO - ROLLBACK
2024-07-26 02:57:07,504 - Thread-25 (process_request_thread) - INFO - ROLLBACK
2024-07-26 02:57:07,505 - Thread-20 (process_request_thread) - INFO - ROLLBACK
2024-07-26 02:57:07,505 - Thread-22 (process_request_thread) - INFO - Returning JSON response with image list data.
2024-07-26 02:57:07,509 - Thread-24 (process_request_thread) - INFO - 127.0.0.1 - - [26/Jul/2024 02:57:07] "GET /get_completedocument_list_data_bp HTTP/1.1" 200 -
2024-07-26 02:57:07,512 - Thread-25 (process_request_thread) - INFO - 127.0.0.1 - - [26/Jul/2024 02:57:07] "GET /get_search_image_list_data_bp HTTP/1.1" 200 -
2024-07-26 02:57:07,514 - Thread-20 (process_request_thread) - INFO - 127.0.0.1 - - [26/Jul/2024 02:57:07] "GET /batch/get_batch_list_data HTTP/1.1" 200 -
2024-07-26 02:57:07,515 - Thread-22 (process_request_thread) - INFO - 127.0.0.1 - - [26/Jul/2024 02:57:07] "GET /get_image_list_data HTTP/1.1" 200 -
2024-07-26 02:57:31,406 - Thread-27 (process_request_thread) - INFO - Received form data:
2024-07-26 02:57:31,407 - Thread-27 (process_request_thread) - INFO - ImmutableMultiDict([('batchTitle', 'SpeedTestNew'), ('batchArea', '11'), ('batchEquipmentGroup', '15'), ('batchModel', ''), ('batchAssetNumber', ''), ('batchLocation', ''), ('batchFolderPath', 'C:\\Users\\10169062\\Desktop\\AuMaintdb\\Database\\sql_speed_test')])
2024-07-26 02:57:31,408 - Thread-27 (process_request_thread) - INFO - Folder Path: C:\Users\10169062\Desktop\AuMaintdb\Database\sql_speed_test
2024-07-26 02:57:31,409 - Thread-27 (process_request_thread) - INFO - Batch processing started at 2024-07-26 02:57:31.409719
2024-07-26 02:57:31,409 - Thread-27 (process_request_thread) - INFO - Scheduling file for processing: C:\Users\10169062\Desktop\AuMaintdb\Database\sql_speed_test\02-Micro_4000_Web_control_Manual_990010-41.pdf
2024-07-26 02:57:31,410 - ThreadPoolExecutor-0_0 - INFO - file_path: C:\Users\10169062\Desktop\AuMaintdb\Database\sql_speed_test\02-Micro_4000_Web_control_Manual_990010-41.pdf
2024-07-26 02:57:31,410 - Thread-27 (process_request_thread) - INFO - Scheduling file for processing: C:\Users\10169062\Desktop\AuMaintdb\Database\sql_speed_test\123.pdf
2024-07-26 02:57:31,411 - ThreadPoolExecutor-0_0 - ERROR - Error processing file: C:\Users\10169062\Desktop\AuMaintdb\Database\sql_speed_test\02-Micro_4000_Web_control_Manual_990010-41.pdf. Error: Working outside of request context.

This typically means that you attempted to use functionality that needed
an active HTTP request. Consult the documentation on testing for
information about how to avoid this problem.
2024-07-26 02:57:31,412 - ThreadPoolExecutor-0_1 - INFO - file_path: C:\Users\10169062\Desktop\AuMaintdb\Database\sql_speed_test\123.pdf
2024-07-26 02:57:31,412 - Thread-27 (process_request_thread) - INFO - Scheduling file for processing: C:\Users\10169062\Desktop\AuMaintdb\Database\sql_speed_test\28788006.BTRNG0001_Rev_43_Final.docx.pdf
2024-07-26 02:57:31,414 - ThreadPoolExecutor-0_1 - ERROR - Error processing file: C:\Users\10169062\Desktop\AuMaintdb\Database\sql_speed_test\123.pdf. Error: Working outside of request context.

This typically means that you attempted to use functionality that needed
an active HTTP request. Consult the documentation on testing for
information about how to avoid this problem.
2024-07-26 02:57:31,415 - Thread-27 (process_request_thread) - INFO - Scheduling file for processing: C:\Users\10169062\Desktop\AuMaintdb\Database\sql_speed_test\A100034.png
2024-07-26 02:57:31,415 - ThreadPoolExecutor-0_0 - INFO - file_path: C:\Users\10169062\Desktop\AuMaintdb\Database\sql_speed_test\28788006.BTRNG0001_Rev_43_Final.docx.pdf
2024-07-26 02:57:31,416 - Thread-27 (process_request_thread) - INFO - Scheduling file for processing: C:\Users\10169062\Desktop\AuMaintdb\Database\sql_speed_test\A100044.png
2024-07-26 02:57:31,416 - ThreadPoolExecutor-0_1 - INFO - file_path: C:\Users\10169062\Desktop\AuMaintdb\Database\sql_speed_test\A100034.png
2024-07-26 02:57:31,417 - ThreadPoolExecutor-0_0 - ERROR - Error processing file: C:\Users\10169062\Desktop\AuMaintdb\Database\sql_speed_test\28788006.BTRNG0001_Rev_43_Final.docx.pdf. Error: Working outside of request context.

This typically means that you attempted to use functionality that needed
an active HTTP request. Consult the documentation on testing for
information about how to avoid this problem.
2024-07-26 02:57:31,418 - ThreadPoolExecutor-0_2 - INFO - file_path: C:\Users\10169062\Desktop\AuMaintdb\Database\sql_speed_test\A100044.png
2024-07-26 02:57:31,418 - Thread-27 (process_request_thread) - INFO - Scheduling file for processing: C:\Users\10169062\Desktop\AuMaintdb\Database\sql_speed_test\batchfolder_reverifer.jpg
2024-07-26 02:57:31,418 - ThreadPoolExecutor-0_1 - ERROR - Error processing file: C:\Users\10169062\Desktop\AuMaintdb\Database\sql_speed_test\A100034.png. Error: Working outside of request context.

This typically means that you attempted to use functionality that needed
an active HTTP request. Consult the documentation on testing for
information about how to avoid this problem.
2024-07-26 02:57:31,420 - ThreadPoolExecutor-0_2 - ERROR - Error processing file: C:\Users\10169062\Desktop\AuMaintdb\Database\sql_speed_test\A100044.png. Error: Working outside of request context.

This typically means that you attempted to use functionality that needed
an active HTTP request. Consult the documentation on testing for
information about how to avoid this problem.
2024-07-26 02:57:31,421 - Thread-27 (process_request_thread) - INFO - Scheduling file for processing: C:\Users\10169062\Desktop\AuMaintdb\Database\sql_speed_test\Batchfolder_test_mytest.png
2024-07-26 02:57:31,421 - ThreadPoolExecutor-0_0 - INFO - file_path: C:\Users\10169062\Desktop\AuMaintdb\Database\sql_speed_test\batchfolder_reverifer.jpg
2024-07-26 02:57:31,423 - Thread-27 (process_request_thread) - INFO - Scheduling file for processing: C:\Users\10169062\Desktop\AuMaintdb\Database\sql_speed_test\Test of position funtion.pdf
2024-07-26 02:57:31,423 - ThreadPoolExecutor-0_1 - INFO - file_path: C:\Users\10169062\Desktop\AuMaintdb\Database\sql_speed_test\Batchfolder_test_mytest.png
2024-07-26 02:57:31,424 - ThreadPoolExecutor-0_0 - ERROR - Error processing file: C:\Users\10169062\Desktop\AuMaintdb\Database\sql_speed_test\batchfolder_reverifer.jpg. Error: Working outside of request context.

This typically means that you attempted to use functionality that needed
an active HTTP request. Consult the documentation on testing for
information about how to avoid this problem.
2024-07-26 02:57:31,425 - Thread-27 (process_request_thread) - INFO - Scheduling file for processing: C:\Users\10169062\Desktop\AuMaintdb\Database\sql_speed_test\ThermalPak__TP-4000__Manual_1.13_9-03.pdf
2024-07-26 02:57:31,425 - ThreadPoolExecutor-0_2 - INFO - file_path: C:\Users\10169062\Desktop\AuMaintdb\Database\sql_speed_test\Test of position funtion.pdf
2024-07-26 02:57:31,426 - ThreadPoolExecutor-0_1 - ERROR - Error processing file: C:\Users\10169062\Desktop\AuMaintdb\Database\sql_speed_test\Batchfolder_test_mytest.png. Error: Working outside of request context.

This typically means that you attempted to use functionality that needed
an active HTTP request. Consult the documentation on testing for
information about how to avoid this problem.
2024-07-26 02:57:31,428 - ThreadPoolExecutor-0_0 - INFO - file_path: C:\Users\10169062\Desktop\AuMaintdb\Database\sql_speed_test\ThermalPak__TP-4000__Manual_1.13_9-03.pdf
2024-07-26 02:57:31,429 - ThreadPoolExecutor-0_2 - ERROR - Error processing file: C:\Users\10169062\Desktop\AuMaintdb\Database\sql_speed_test\Test of position funtion.pdf. Error: Working outside of request context.

This typically means that you attempted to use functionality that needed
an active HTTP request. Consult the documentation on testing for
information about how to avoid this problem.
2024-07-26 02:57:31,430 - ThreadPoolExecutor-0_0 - ERROR - Error processing file: C:\Users\10169062\Desktop\AuMaintdb\Database\sql_speed_test\ThermalPak__TP-4000__Manual_1.13_9-03.pdf. Error: Working outside of request context.

This typically means that you attempted to use functionality that needed
an active HTTP request. Consult the documentation on testing for
information about how to avoid this problem.
2024-07-26 02:57:31,435 - Thread-27 (process_request_thread) - INFO - Batch processing completed at 2024-07-26 02:57:31.435764
2024-07-26 02:57:31,435 - Thread-27 (process_request_thread) - INFO - Batch Title: None
2024-07-26 02:57:31,436 - Thread-27 (process_request_thread) - INFO - Batch Area: 11
2024-07-26 02:57:31,436 - Thread-27 (process_request_thread) - INFO - Batch Equipment Group: 15
2024-07-26 02:57:31,436 - Thread-27 (process_request_thread) - INFO - Batch Model: 
2024-07-26 02:57:31,437 - Thread-27 (process_request_thread) - INFO - Batch Asset Number: 
2024-07-26 02:57:31,437 - Thread-27 (process_request_thread) - INFO - Batch Location: 
2024-07-26 02:57:31,438 - Thread-27 (process_request_thread) - INFO - 127.0.0.1 - - [26/Jul/2024 02:57:31] "POST /batch_processing HTTP/1.1" 200 -
2024-07-26 02:57:42,546 - Thread-28 (process_request_thread) - INFO - 127.0.0.1 - - [26/Jul/2024 02:57:42] "GET /upload_image HTTP/1.1" 200 -
2024-07-26 02:57:42,572 - Thread-29 (process_request_thread) - INFO - 127.0.0.1 - - [26/Jul/2024 02:57:42] "[36mGET /static/css/redbanner.css HTTP/1.1[0m" 304 -
2024-07-26 02:57:42,613 - Thread-30 (process_request_thread) - INFO - 127.0.0.1 - - [26/Jul/2024 02:57:42] "[36mGET /static/css/upload_styles.css HTTP/1.1[0m" 304 -
2024-07-26 02:57:42,615 - Thread-31 (process_request_thread) - INFO - 127.0.0.1 - - [26/Jul/2024 02:57:42] "[36mGET /static/js/batch_upload.js HTTP/1.1[0m" 304 -
2024-07-26 02:57:42,616 - Thread-32 (process_request_thread) - INFO - 127.0.0.1 - - [26/Jul/2024 02:57:42] "[36mGET /static/js/upload_image.js HTTP/1.1[0m" 304 -
2024-07-26 02:57:42,620 - Thread-33 (process_request_thread) - INFO - 127.0.0.1 - - [26/Jul/2024 02:57:42] "[36mGET /static/js/image_upload.js HTTP/1.1[0m" 304 -
2024-07-26 02:57:42,622 - Thread-34 (process_request_thread) - INFO - 127.0.0.1 - - [26/Jul/2024 02:57:42] "[36mGET /static/js/upload_powerpoint.js HTTP/1.1[0m" 304 -
2024-07-26 02:57:42,624 - Thread-35 (process_request_thread) - INFO - 127.0.0.1 - - [26/Jul/2024 02:57:42] "[36mGET /static/js/document_search.js HTTP/1.1[0m" 304 -
2024-07-26 02:57:42,627 - Thread-36 (process_request_thread) - INFO - 127.0.0.1 - - [26/Jul/2024 02:57:42] "[36mGET /static/js/image_search.js HTTP/1.1[0m" 304 -
2024-07-26 02:57:42,631 - Thread-37 (process_request_thread) - INFO - 127.0.0.1 - - [26/Jul/2024 02:57:42] "[36mGET /static/js/powerpoint_search.js HTTP/1.1[0m" 304 -
2024-07-26 02:57:42,632 - Thread-38 (process_request_thread) - INFO - 127.0.0.1 - - [26/Jul/2024 02:57:42] "[36mGET /static/js/image_compare.js HTTP/1.1[0m" 304 -
2024-07-26 02:57:42,635 - Thread-39 (process_request_thread) - INFO - 127.0.0.1 - - [26/Jul/2024 02:57:42] "[36mGET /static/background%20images/abstractfractal.jpg HTTP/1.1[0m" 304 -
2024-07-26 02:57:42,651 - Thread-40 (process_request_thread) - INFO - BEGIN (implicit)
2024-07-26 02:57:42,652 - Thread-41 (process_request_thread) - INFO - BEGIN (implicit)
2024-07-26 02:57:42,653 - Thread-42 (process_request_thread) - INFO - Fetching image list data.
2024-07-26 02:57:42,654 - Thread-40 (process_request_thread) - INFO - SELECT area.id AS area_id, area.name AS area_name, area.description AS area_description 
FROM area
2024-07-26 02:57:42,655 - Thread-43 (process_request_thread) - INFO - BEGIN (implicit)
2024-07-26 02:57:42,655 - Thread-41 (process_request_thread) - INFO - SELECT area.id AS area_id, area.name AS area_name, area.description AS area_description 
FROM area
2024-07-26 02:57:42,656 - Thread-44 (process_request_thread) - INFO - BEGIN (implicit)
2024-07-26 02:57:42,657 - Thread-42 (process_request_thread) - INFO - BEGIN (implicit)
2024-07-26 02:57:42,657 - Thread-45 (process_request_thread) - INFO - BEGIN (implicit)
2024-07-26 02:57:42,658 - Thread-40 (process_request_thread) - INFO - [cached since 35.55s ago] ()
2024-07-26 02:57:42,659 - Thread-43 (process_request_thread) - INFO - SELECT area.id AS area_id, area.name AS area_name, area.description AS area_description 
FROM area
2024-07-26 02:57:42,659 - Thread-41 (process_request_thread) - INFO - [cached since 35.55s ago] ()
2024-07-26 02:57:42,660 - Thread-44 (process_request_thread) - INFO - SELECT area.id AS area_id, area.name AS area_name, area.description AS area_description 
FROM area
2024-07-26 02:57:42,661 - Thread-42 (process_request_thread) - INFO - SELECT area.id AS area_id, area.name AS area_name, area.description AS area_description 
FROM area
2024-07-26 02:57:42,661 - Thread-45 (process_request_thread) - INFO - SELECT area.id AS area_id, area.name AS area_name, area.description AS area_description 
FROM area
2024-07-26 02:57:42,663 - Thread-40 (process_request_thread) - INFO - SELECT equipment_group.id AS equipment_group_id, equipment_group.name AS equipment_group_name, equipment_group.area_id AS equipment_group_area_id 
FROM equipment_group
2024-07-26 02:57:42,663 - Thread-43 (process_request_thread) - INFO - [cached since 35.56s ago] ()
2024-07-26 02:57:42,665 - Thread-41 (process_request_thread) - INFO - SELECT equipment_group.id AS equipment_group_id, equipment_group.name AS equipment_group_name, equipment_group.area_id AS equipment_group_area_id 
FROM equipment_group
2024-07-26 02:57:42,665 - Thread-44 (process_request_thread) - INFO - [cached since 35.55s ago] ()
2024-07-26 02:57:42,667 - Thread-42 (process_request_thread) - INFO - [cached since 35.56s ago] ()
2024-07-26 02:57:42,667 - Thread-45 (process_request_thread) - INFO - [cached since 35.55s ago] ()
2024-07-26 02:57:42,668 - Thread-40 (process_request_thread) - INFO - [cached since 35.54s ago] ()
2024-07-26 02:57:42,669 - Thread-41 (process_request_thread) - INFO - [cached since 35.54s ago] ()
2024-07-26 02:57:42,670 - Thread-43 (process_request_thread) - INFO - SELECT equipment_group.id AS equipment_group_id, equipment_group.name AS equipment_group_name, equipment_group.area_id AS equipment_group_area_id 
FROM equipment_group
2024-07-26 02:57:42,671 - Thread-44 (process_request_thread) - INFO - SELECT equipment_group.id AS equipment_group_id, equipment_group.name AS equipment_group_name, equipment_group.area_id AS equipment_group_area_id 
FROM equipment_group
2024-07-26 02:57:42,671 - Thread-42 (process_request_thread) - INFO - SELECT equipment_group.id AS equipment_group_id, equipment_group.name AS equipment_group_name, equipment_group.area_id AS equipment_group_area_id 
FROM equipment_group
2024-07-26 02:57:42,672 - Thread-45 (process_request_thread) - INFO - SELECT equipment_group.id AS equipment_group_id, equipment_group.name AS equipment_group_name, equipment_group.area_id AS equipment_group_area_id 
FROM equipment_group
2024-07-26 02:57:42,673 - Thread-40 (process_request_thread) - INFO - SELECT model.id AS model_id, model.name AS model_name, model.description AS model_description, model.equipment_group_id AS model_equipment_group_id 
FROM model
2024-07-26 02:57:42,674 - Thread-41 (process_request_thread) - INFO - SELECT model.id AS model_id, model.name AS model_name, model.description AS model_description, model.equipment_group_id AS model_equipment_group_id 
FROM model
2024-07-26 02:57:42,674 - Thread-43 (process_request_thread) - INFO - [cached since 35.55s ago] ()
2024-07-26 02:57:42,675 - Thread-44 (process_request_thread) - INFO - [cached since 35.54s ago] ()
2024-07-26 02:57:42,676 - Thread-42 (process_request_thread) - INFO - [cached since 35.55s ago] ()
2024-07-26 02:57:42,677 - Thread-45 (process_request_thread) - INFO - [cached since 35.54s ago] ()
2024-07-26 02:57:42,678 - Thread-40 (process_request_thread) - INFO - [cached since 35.53s ago] ()
2024-07-26 02:57:42,678 - Thread-41 (process_request_thread) - INFO - [cached since 35.53s ago] ()
2024-07-26 02:57:42,680 - Thread-43 (process_request_thread) - INFO - SELECT model.id AS model_id, model.name AS model_name, model.description AS model_description, model.equipment_group_id AS model_equipment_group_id 
FROM model
2024-07-26 02:57:42,681 - Thread-44 (process_request_thread) - INFO - SELECT model.id AS model_id, model.name AS model_name, model.description AS model_description, model.equipment_group_id AS model_equipment_group_id 
FROM model
2024-07-26 02:57:42,682 - Thread-42 (process_request_thread) - INFO - SELECT model.id AS model_id, model.name AS model_name, model.description AS model_description, model.equipment_group_id AS model_equipment_group_id 
FROM model
2024-07-26 02:57:42,683 - Thread-45 (process_request_thread) - INFO - SELECT model.id AS model_id, model.name AS model_name, model.description AS model_description, model.equipment_group_id AS model_equipment_group_id 
FROM model
2024-07-26 02:57:42,684 - Thread-40 (process_request_thread) - INFO - SELECT asset_number.id AS asset_number_id, asset_number.number AS asset_number_number, asset_number.description AS asset_number_description, asset_number.model_id AS asset_number_model_id 
FROM asset_number
2024-07-26 02:57:42,685 - Thread-41 (process_request_thread) - INFO - SELECT asset_number.id AS asset_number_id, asset_number.number AS asset_number_number, asset_number.description AS asset_number_description, asset_number.model_id AS asset_number_model_id 
FROM asset_number
2024-07-26 02:57:42,685 - Thread-43 (process_request_thread) - INFO - [cached since 35.54s ago] ()
2024-07-26 02:57:42,686 - Thread-44 (process_request_thread) - INFO - [cached since 35.54s ago] ()
2024-07-26 02:57:42,687 - Thread-42 (process_request_thread) - INFO - [cached since 35.54s ago] ()
2024-07-26 02:57:42,688 - Thread-45 (process_request_thread) - INFO - [cached since 35.54s ago] ()
2024-07-26 02:57:42,688 - Thread-40 (process_request_thread) - INFO - [cached since 35.26s ago] ()
2024-07-26 02:57:42,689 - Thread-41 (process_request_thread) - INFO - [cached since 35.53s ago] ()
2024-07-26 02:57:42,691 - Thread-43 (process_request_thread) - INFO - SELECT asset_number.id AS asset_number_id, asset_number.number AS asset_number_number, asset_number.description AS asset_number_description, asset_number.model_id AS asset_number_model_id 
FROM asset_number
2024-07-26 02:57:42,692 - Thread-44 (process_request_thread) - INFO - SELECT asset_number.id AS asset_number_id, asset_number.number AS asset_number_number, asset_number.description AS asset_number_description, asset_number.model_id AS asset_number_model_id 
FROM asset_number
2024-07-26 02:57:42,693 - Thread-42 (process_request_thread) - INFO - SELECT asset_number.id AS asset_number_id, asset_number.number AS asset_number_number, asset_number.description AS asset_number_description, asset_number.model_id AS asset_number_model_id 
FROM asset_number
2024-07-26 02:57:42,694 - Thread-45 (process_request_thread) - INFO - SELECT asset_number.id AS asset_number_id, asset_number.number AS asset_number_number, asset_number.description AS asset_number_description, asset_number.model_id AS asset_number_model_id 
FROM asset_number
2024-07-26 02:57:42,696 - Thread-40 (process_request_thread) - INFO - SELECT location.id AS location_id, location.name AS location_name, location.model_id AS location_model_id 
FROM location
2024-07-26 02:57:42,699 - Thread-41 (process_request_thread) - INFO - SELECT location.id AS location_id, location.name AS location_name, location.model_id AS location_model_id 
FROM location
2024-07-26 02:57:42,699 - Thread-43 (process_request_thread) - INFO - [cached since 35.54s ago] ()
2024-07-26 02:57:42,700 - Thread-44 (process_request_thread) - INFO - [cached since 35.27s ago] ()
2024-07-26 02:57:42,701 - Thread-42 (process_request_thread) - INFO - [cached since 35.53s ago] ()
2024-07-26 02:57:42,702 - Thread-45 (process_request_thread) - INFO - [cached since 35.27s ago] ()
2024-07-26 02:57:42,703 - Thread-40 (process_request_thread) - INFO - [cached since 35.23s ago] ()
2024-07-26 02:57:42,703 - Thread-41 (process_request_thread) - INFO - [cached since 35.24s ago] ()
2024-07-26 02:57:42,717 - Thread-41 (process_request_thread) - INFO - ROLLBACK
2024-07-26 02:57:42,719 - Thread-40 (process_request_thread) - INFO - ROLLBACK
2024-07-26 02:57:42,721 - Thread-41 (process_request_thread) - INFO - 127.0.0.1 - - [26/Jul/2024 02:57:42] "GET /get_list_data HTTP/1.1" 200 -
2024-07-26 02:57:42,722 - Thread-40 (process_request_thread) - INFO - 127.0.0.1 - - [26/Jul/2024 02:57:42] "GET /batch/get_batch_list_data HTTP/1.1" 200 -
2024-07-26 02:57:42,724 - Thread-43 (process_request_thread) - INFO - SELECT location.id AS location_id, location.name AS location_name, location.model_id AS location_model_id 
FROM location
2024-07-26 02:57:42,726 - Thread-43 (process_request_thread) - INFO - [cached since 35.28s ago] ()
2024-07-26 02:57:42,730 - Thread-44 (process_request_thread) - INFO - SELECT location.id AS location_id, location.name AS location_name, location.model_id AS location_model_id 
FROM location
2024-07-26 02:57:42,732 - Thread-44 (process_request_thread) - INFO - [cached since 35.26s ago] ()
2024-07-26 02:57:42,735 - Thread-46 (process_request_thread) - INFO - 127.0.0.1 - - [26/Jul/2024 02:57:42] "[33mGET /get_search_powerpoint_list_data_bp HTTP/1.1[0m" 404 -
2024-07-26 02:57:42,739 - Thread-45 (process_request_thread) - INFO - SELECT location.id AS location_id, location.name AS location_name, location.model_id AS location_model_id 
FROM location
2024-07-26 02:57:42,740 - Thread-45 (process_request_thread) - INFO - [cached since 35.27s ago] ()
2024-07-26 02:57:42,742 - Thread-42 (process_request_thread) - INFO - SELECT location.id AS location_id, location.name AS location_name, location.model_id AS location_model_id 
FROM location
2024-07-26 02:57:42,749 - Thread-43 (process_request_thread) - INFO - ROLLBACK
2024-07-26 02:57:42,752 - Thread-44 (process_request_thread) - INFO - ROLLBACK
2024-07-26 02:57:42,754 - Thread-45 (process_request_thread) - INFO - ROLLBACK
2024-07-26 02:57:42,754 - Thread-42 (process_request_thread) - INFO - [cached since 35.29s ago] ()
2024-07-26 02:57:42,757 - Thread-43 (process_request_thread) - INFO - 127.0.0.1 - - [26/Jul/2024 02:57:42] "GET /get_powerpoint_list_data_bp HTTP/1.1" 200 -
2024-07-26 02:57:42,759 - Thread-44 (process_request_thread) - INFO - 127.0.0.1 - - [26/Jul/2024 02:57:42] "GET /get_completedocument_list_data_bp HTTP/1.1" 200 -
2024-07-26 02:57:42,761 - Thread-45 (process_request_thread) - INFO - 127.0.0.1 - - [26/Jul/2024 02:57:42] "GET /get_search_image_list_data_bp HTTP/1.1" 200 -
2024-07-26 02:57:42,763 - Thread-42 (process_request_thread) - INFO - Successfully fetched data from the database.
2024-07-26 02:57:42,766 - Thread-42 (process_request_thread) - INFO - ROLLBACK
2024-07-26 02:57:42,767 - Thread-42 (process_request_thread) - INFO - Session closed.
2024-07-26 02:57:42,767 - Thread-42 (process_request_thread) - INFO - Returning JSON response with image list data.
2024-07-26 02:57:42,770 - Thread-42 (process_request_thread) - INFO - 127.0.0.1 - - [26/Jul/2024 02:57:42] "GET /get_image_list_data HTTP/1.1" 200 -
2024-07-26 02:58:26,519 - Thread-47 (process_request_thread) - INFO - Received form data:
2024-07-26 02:58:26,521 - Thread-47 (process_request_thread) - INFO - ImmutableMultiDict([('batchTitle', 'SpeedTestNew'), ('batchArea', '11'), ('batchEquipmentGroup', '17'), ('batchModel', ''), ('batchAssetNumber', ''), ('batchLocation', ''), ('batchFolderPath', 'C:\\Users\\10169062\\Desktop\\AuMaintdb\\Database\\sql_speed_test2')])
2024-07-26 02:58:26,521 - Thread-47 (process_request_thread) - INFO - Folder Path: C:\Users\10169062\Desktop\AuMaintdb\Database\sql_speed_test2
2024-07-26 02:58:26,522 - Thread-47 (process_request_thread) - INFO - Batch processing started at 2024-07-26 02:58:26.522647
2024-07-26 02:58:26,523 - Thread-47 (process_request_thread) - INFO - Scheduling file for processing: C:\Users\10169062\Desktop\AuMaintdb\Database\sql_speed_test2\02-Micro_4000_Web_control_Manual_990010-41.pdf
2024-07-26 02:58:26,524 - ThreadPoolExecutor-1_0 - INFO - file_path: C:\Users\10169062\Desktop\AuMaintdb\Database\sql_speed_test2\02-Micro_4000_Web_control_Manual_990010-41.pdf
2024-07-26 02:58:26,524 - Thread-47 (process_request_thread) - INFO - Scheduling file for processing: C:\Users\10169062\Desktop\AuMaintdb\Database\sql_speed_test2\123.pdf
2024-07-26 02:58:26,524 - ThreadPoolExecutor-1_0 - ERROR - Error processing file: C:\Users\10169062\Desktop\AuMaintdb\Database\sql_speed_test2\02-Micro_4000_Web_control_Manual_990010-41.pdf. Error: Working outside of request context.

This typically means that you attempted to use functionality that needed
an active HTTP request. Consult the documentation on testing for
information about how to avoid this problem.
2024-07-26 02:58:26,525 - ThreadPoolExecutor-1_1 - INFO - file_path: C:\Users\10169062\Desktop\AuMaintdb\Database\sql_speed_test2\123.pdf
2024-07-26 02:58:26,526 - Thread-47 (process_request_thread) - INFO - Scheduling file for processing: C:\Users\10169062\Desktop\AuMaintdb\Database\sql_speed_test2\28788006.BTRNG0001_Rev_43_Final.docx.pdf
2024-07-26 02:58:26,526 - ThreadPoolExecutor-1_1 - ERROR - Error processing file: C:\Users\10169062\Desktop\AuMaintdb\Database\sql_speed_test2\123.pdf. Error: Working outside of request context.

This typically means that you attempted to use functionality that needed
an active HTTP request. Consult the documentation on testing for
information about how to avoid this problem.
2024-07-26 02:58:26,527 - Thread-47 (process_request_thread) - INFO - Scheduling file for processing: C:\Users\10169062\Desktop\AuMaintdb\Database\sql_speed_test2\A100034.png
2024-07-26 02:58:26,527 - ThreadPoolExecutor-1_0 - INFO - file_path: C:\Users\10169062\Desktop\AuMaintdb\Database\sql_speed_test2\28788006.BTRNG0001_Rev_43_Final.docx.pdf
2024-07-26 02:58:26,528 - Thread-47 (process_request_thread) - INFO - Scheduling file for processing: C:\Users\10169062\Desktop\AuMaintdb\Database\sql_speed_test2\A100044.png
2024-07-26 02:58:26,528 - ThreadPoolExecutor-1_1 - INFO - file_path: C:\Users\10169062\Desktop\AuMaintdb\Database\sql_speed_test2\A100034.png
2024-07-26 02:58:26,529 - ThreadPoolExecutor-1_0 - ERROR - Error processing file: C:\Users\10169062\Desktop\AuMaintdb\Database\sql_speed_test2\28788006.BTRNG0001_Rev_43_Final.docx.pdf. Error: Working outside of request context.

This typically means that you attempted to use functionality that needed
an active HTTP request. Consult the documentation on testing for
information about how to avoid this problem.
2024-07-26 02:58:26,530 - ThreadPoolExecutor-1_2 - INFO - file_path: C:\Users\10169062\Desktop\AuMaintdb\Database\sql_speed_test2\A100044.png
2024-07-26 02:58:26,530 - Thread-47 (process_request_thread) - INFO - Scheduling file for processing: C:\Users\10169062\Desktop\AuMaintdb\Database\sql_speed_test2\batchfolder_reverifer.jpg
2024-07-26 02:58:26,530 - ThreadPoolExecutor-1_1 - ERROR - Error processing file: C:\Users\10169062\Desktop\AuMaintdb\Database\sql_speed_test2\A100034.png. Error: Working outside of request context.

This typically means that you attempted to use functionality that needed
an active HTTP request. Consult the documentation on testing for
information about how to avoid this problem.
2024-07-26 02:58:26,532 - ThreadPoolExecutor-1_2 - ERROR - Error processing file: C:\Users\10169062\Desktop\AuMaintdb\Database\sql_speed_test2\A100044.png. Error: Working outside of request context.

This typically means that you attempted to use functionality that needed
an active HTTP request. Consult the documentation on testing for
information about how to avoid this problem.
2024-07-26 02:58:26,533 - Thread-47 (process_request_thread) - INFO - Scheduling file for processing: C:\Users\10169062\Desktop\AuMaintdb\Database\sql_speed_test2\Batchfolder_test_mytest.png
2024-07-26 02:58:26,533 - ThreadPoolExecutor-1_0 - INFO - file_path: C:\Users\10169062\Desktop\AuMaintdb\Database\sql_speed_test2\batchfolder_reverifer.jpg
2024-07-26 02:58:26,535 - Thread-47 (process_request_thread) - INFO - Scheduling file for processing: C:\Users\10169062\Desktop\AuMaintdb\Database\sql_speed_test2\Test of position funtion.pdf
2024-07-26 02:58:26,535 - ThreadPoolExecutor-1_1 - INFO - file_path: C:\Users\10169062\Desktop\AuMaintdb\Database\sql_speed_test2\Batchfolder_test_mytest.png
2024-07-26 02:58:26,536 - ThreadPoolExecutor-1_0 - ERROR - Error processing file: C:\Users\10169062\Desktop\AuMaintdb\Database\sql_speed_test2\batchfolder_reverifer.jpg. Error: Working outside of request context.

This typically means that you attempted to use functionality that needed
an active HTTP request. Consult the documentation on testing for
information about how to avoid this problem.
2024-07-26 02:58:26,537 - Thread-47 (process_request_thread) - INFO - Scheduling file for processing: C:\Users\10169062\Desktop\AuMaintdb\Database\sql_speed_test2\ThermalPak__TP-4000__Manual_1.13_9-03.pdf
2024-07-26 02:58:26,537 - ThreadPoolExecutor-1_2 - INFO - file_path: C:\Users\10169062\Desktop\AuMaintdb\Database\sql_speed_test2\Test of position funtion.pdf
2024-07-26 02:58:26,537 - ThreadPoolExecutor-1_1 - ERROR - Error processing file: C:\Users\10169062\Desktop\AuMaintdb\Database\sql_speed_test2\Batchfolder_test_mytest.png. Error: Working outside of request context.

This typically means that you attempted to use functionality that needed
an active HTTP request. Consult the documentation on testing for
information about how to avoid this problem.
2024-07-26 02:58:26,538 - ThreadPoolExecutor-1_0 - INFO - file_path: C:\Users\10169062\Desktop\AuMaintdb\Database\sql_speed_test2\ThermalPak__TP-4000__Manual_1.13_9-03.pdf
2024-07-26 02:58:26,539 - ThreadPoolExecutor-1_2 - ERROR - Error processing file: C:\Users\10169062\Desktop\AuMaintdb\Database\sql_speed_test2\Test of position funtion.pdf. Error: Working outside of request context.

This typically means that you attempted to use functionality that needed
an active HTTP request. Consult the documentation on testing for
information about how to avoid this problem.
2024-07-26 02:58:26,541 - ThreadPoolExecutor-1_0 - ERROR - Error processing file: C:\Users\10169062\Desktop\AuMaintdb\Database\sql_speed_test2\ThermalPak__TP-4000__Manual_1.13_9-03.pdf. Error: Working outside of request context.

This typically means that you attempted to use functionality that needed
an active HTTP request. Consult the documentation on testing for
information about how to avoid this problem.
2024-07-26 02:58:26,543 - Thread-47 (process_request_thread) - INFO - Batch processing completed at 2024-07-26 02:58:26.543640
2024-07-26 02:58:26,543 - Thread-47 (process_request_thread) - INFO - Batch Title: None
2024-07-26 02:58:26,544 - Thread-47 (process_request_thread) - INFO - Batch Area: 11
2024-07-26 02:58:26,544 - Thread-47 (process_request_thread) - INFO - Batch Equipment Group: 17
2024-07-26 02:58:26,545 - Thread-47 (process_request_thread) - INFO - Batch Model: 
2024-07-26 02:58:26,545 - Thread-47 (process_request_thread) - INFO - Batch Asset Number: 
2024-07-26 02:58:26,546 - Thread-47 (process_request_thread) - INFO - Batch Location: 
2024-07-26 02:58:26,547 - Thread-47 (process_request_thread) - INFO - 127.0.0.1 - - [26/Jul/2024 02:58:26] "POST /batch_processing HTTP/1.1" 200 -
