2024-07-26 02:59:43,222 - MainThread - INFO - BEGIN (implicit)
2024-07-26 02:59:43,224 - MainThread - INFO - SELECT image_model_config.id AS image_model_config_id, image_model_config."key" AS image_model_config_key, image_model_config.value AS image_model_config_value 
FROM image_model_config 
WHERE image_model_config."key" = ?
 LIMIT ? OFFSET ?
2024-07-26 02:59:43,225 - MainThread - INFO - [generated in 0.00109s] ('CURRENT_IMAGE_MODEL', 1, 0)
2024-07-26 02:59:43,226 - MainThread - INFO - ROLLBACK
2024-07-26 02:59:44,259 - MainThread - INFO - BEGIN (implicit)
2024-07-26 02:59:44,260 - MainThread - INFO - SELECT image_model_config.id AS image_model_config_id, image_model_config."key" AS image_model_config_key, image_model_config.value AS image_model_config_value 
FROM image_model_config 
WHERE image_model_config."key" = ?
 LIMIT ? OFFSET ?
2024-07-26 02:59:44,262 - MainThread - INFO - [cached since 1.038s ago] ('CURRENT_IMAGE_MODEL', 1, 0)
2024-07-26 02:59:44,263 - MainThread - INFO - ROLLBACK
2024-07-26 02:59:45,306 - MainThread - INFO - BEGIN (implicit)
2024-07-26 02:59:45,308 - MainThread - INFO - SELECT ai_model_config.id AS ai_model_config_id, ai_model_config."key" AS ai_model_config_key, ai_model_config.value AS ai_model_config_value 
FROM ai_model_config 
WHERE ai_model_config."key" = ?
 LIMIT ? OFFSET ?
2024-07-26 02:59:45,309 - MainThread - INFO - [generated in 0.00120s] ('CURRENT_AI_MODEL', 1, 0)
2024-07-26 02:59:45,311 - MainThread - INFO - SELECT ai_model_config.id AS ai_model_config_id, ai_model_config."key" AS ai_model_config_key, ai_model_config.value AS ai_model_config_value 
FROM ai_model_config 
WHERE ai_model_config."key" = ?
 LIMIT ? OFFSET ?
2024-07-26 02:59:45,312 - MainThread - INFO - [cached since 0.003777s ago] ('CURRENT_EMBEDDING_MODEL', 1, 0)
2024-07-26 02:59:45,312 - MainThread - INFO - ROLLBACK
2024-07-26 02:59:45,353 - MainThread - INFO - [31m[1mWARNING: This is a development server. Do not use it in a production deployment. Use a production WSGI server instead.[0m
 * Running on http://127.0.0.1:5000
2024-07-26 02:59:45,354 - MainThread - INFO - [33mPress CTRL+C to quit[0m
2024-07-26 02:59:46,880 - Thread-2 (process_request_thread) - INFO - BEGIN (implicit)
2024-07-26 02:59:46,883 - Thread-2 (process_request_thread) - INFO - SELECT ai_model_config.id AS ai_model_config_id, ai_model_config."key" AS ai_model_config_key, ai_model_config.value AS ai_model_config_value 
FROM ai_model_config 
WHERE ai_model_config."key" = ?
 LIMIT ? OFFSET ?
2024-07-26 02:59:46,885 - Thread-2 (process_request_thread) - INFO - [generated in 0.00168s] ('CURRENT_AI_MODEL', 1, 0)
2024-07-26 02:59:46,888 - Thread-2 (process_request_thread) - INFO - SELECT ai_model_config.id AS ai_model_config_id, ai_model_config."key" AS ai_model_config_key, ai_model_config.value AS ai_model_config_value 
FROM ai_model_config 
WHERE ai_model_config."key" = ?
 LIMIT ? OFFSET ?
2024-07-26 02:59:46,890 - Thread-2 (process_request_thread) - INFO - [cached since 0.006844s ago] ('CURRENT_EMBEDDING_MODEL', 1, 0)
2024-07-26 02:59:46,892 - Thread-2 (process_request_thread) - INFO - ROLLBACK
2024-07-26 02:59:46,902 - Thread-2 (process_request_thread) - INFO - 127.0.0.1 - - [26/Jul/2024 02:59:46] "GET / HTTP/1.1" 200 -
2024-07-26 02:59:47,067 - Thread-3 (process_request_thread) - INFO - 127.0.0.1 - - [26/Jul/2024 02:59:47] "[36mGET /static/css/index_styles.css HTTP/1.1[0m" 304 -
2024-07-26 02:59:47,094 - Thread-4 (process_request_thread) - INFO - 127.0.0.1 - - [26/Jul/2024 02:59:47] "[36mGET /static/chatbot.js HTTP/1.1[0m" 304 -
2024-07-26 02:59:47,094 - Thread-5 (process_request_thread) - INFO - 127.0.0.1 - - [26/Jul/2024 02:59:47] "[36mGET /static/chatbot_display_thumbnails.js HTTP/1.1[0m" 304 -
2024-07-26 02:59:47,096 - Thread-6 (process_request_thread) - INFO - 127.0.0.1 - - [26/Jul/2024 02:59:47] "[36mGET /static/update_qanda_table.js HTTP/1.1[0m" 304 -
2024-07-26 02:59:47,277 - Thread-7 (process_request_thread) - INFO - 127.0.0.1 - - [26/Jul/2024 02:59:47] "[36mGET /static/background%20images/abstractfractal.jpg HTTP/1.1[0m" 304 -
2024-07-26 02:59:49,838 - Thread-8 (process_request_thread) - INFO - 127.0.0.1 - - [26/Jul/2024 02:59:49] "GET /upload_image HTTP/1.1" 200 -
2024-07-26 02:59:49,867 - Thread-9 (process_request_thread) - INFO - 127.0.0.1 - - [26/Jul/2024 02:59:49] "[36mGET /static/css/redbanner.css HTTP/1.1[0m" 304 -
2024-07-26 02:59:49,876 - Thread-10 (process_request_thread) - INFO - 127.0.0.1 - - [26/Jul/2024 02:59:49] "[36mGET /static/css/upload_styles.css HTTP/1.1[0m" 304 -
2024-07-26 02:59:49,876 - Thread-11 (process_request_thread) - INFO - 127.0.0.1 - - [26/Jul/2024 02:59:49] "[36mGET /static/js/batch_upload.js HTTP/1.1[0m" 304 -
2024-07-26 02:59:49,877 - Thread-12 (process_request_thread) - INFO - 127.0.0.1 - - [26/Jul/2024 02:59:49] "[36mGET /static/js/upload_image.js HTTP/1.1[0m" 304 -
2024-07-26 02:59:49,880 - Thread-13 (process_request_thread) - INFO - 127.0.0.1 - - [26/Jul/2024 02:59:49] "[36mGET /static/js/image_upload.js HTTP/1.1[0m" 304 -
2024-07-26 02:59:49,883 - Thread-14 (process_request_thread) - INFO - 127.0.0.1 - - [26/Jul/2024 02:59:49] "[36mGET /static/js/upload_powerpoint.js HTTP/1.1[0m" 304 -
2024-07-26 02:59:49,894 - Thread-15 (process_request_thread) - INFO - 127.0.0.1 - - [26/Jul/2024 02:59:49] "[36mGET /static/js/document_search.js HTTP/1.1[0m" 304 -
2024-07-26 02:59:49,896 - Thread-16 (process_request_thread) - INFO - 127.0.0.1 - - [26/Jul/2024 02:59:49] "[36mGET /static/js/image_search.js HTTP/1.1[0m" 304 -
2024-07-26 02:59:49,898 - Thread-17 (process_request_thread) - INFO - 127.0.0.1 - - [26/Jul/2024 02:59:49] "[36mGET /static/js/powerpoint_search.js HTTP/1.1[0m" 304 -
2024-07-26 02:59:49,901 - Thread-18 (process_request_thread) - INFO - 127.0.0.1 - - [26/Jul/2024 02:59:49] "[36mGET /static/js/image_compare.js HTTP/1.1[0m" 304 -
2024-07-26 02:59:49,904 - Thread-19 (process_request_thread) - INFO - 127.0.0.1 - - [26/Jul/2024 02:59:49] "[36mGET /static/background%20images/abstractfractal.jpg HTTP/1.1[0m" 304 -
2024-07-26 02:59:50,104 - Thread-22 (process_request_thread) - INFO - Fetching image list data.
2024-07-26 02:59:50,111 - Thread-20 (process_request_thread) - INFO - BEGIN (implicit)
2024-07-26 02:59:50,113 - Thread-23 (process_request_thread) - INFO - BEGIN (implicit)
2024-07-26 02:59:50,113 - Thread-21 (process_request_thread) - INFO - BEGIN (implicit)
2024-07-26 02:59:50,115 - Thread-22 (process_request_thread) - INFO - BEGIN (implicit)
2024-07-26 02:59:50,116 - Thread-24 (process_request_thread) - INFO - BEGIN (implicit)
2024-07-26 02:59:50,120 - Thread-20 (process_request_thread) - INFO - SELECT area.id AS area_id, area.name AS area_name, area.description AS area_description 
FROM area
2024-07-26 02:59:50,121 - Thread-25 (process_request_thread) - INFO - BEGIN (implicit)
2024-07-26 02:59:50,122 - Thread-23 (process_request_thread) - INFO - SELECT area.id AS area_id, area.name AS area_name, area.description AS area_description 
FROM area
2024-07-26 02:59:50,124 - Thread-21 (process_request_thread) - INFO - SELECT area.id AS area_id, area.name AS area_name, area.description AS area_description 
FROM area
2024-07-26 02:59:50,126 - Thread-22 (process_request_thread) - INFO - SELECT area.id AS area_id, area.name AS area_name, area.description AS area_description 
FROM area
2024-07-26 02:59:50,127 - Thread-24 (process_request_thread) - INFO - SELECT area.id AS area_id, area.name AS area_name, area.description AS area_description 
FROM area
2024-07-26 02:59:50,128 - Thread-20 (process_request_thread) - INFO - [generated in 0.00798s] ()
2024-07-26 02:59:50,130 - Thread-25 (process_request_thread) - INFO - SELECT area.id AS area_id, area.name AS area_name, area.description AS area_description 
FROM area
2024-07-26 02:59:50,131 - Thread-23 (process_request_thread) - INFO - [generated in 0.00918s] ()
2024-07-26 02:59:50,132 - Thread-21 (process_request_thread) - INFO - [generated in 0.00883s] ()
2024-07-26 02:59:50,133 - Thread-22 (process_request_thread) - INFO - [generated in 0.00770s] ()
2024-07-26 02:59:50,134 - Thread-24 (process_request_thread) - INFO - [generated in 0.00692s] ()
2024-07-26 02:59:50,135 - Thread-25 (process_request_thread) - INFO - [generated in 0.00518s] ()
2024-07-26 02:59:50,139 - Thread-20 (process_request_thread) - INFO - SELECT equipment_group.id AS equipment_group_id, equipment_group.name AS equipment_group_name, equipment_group.area_id AS equipment_group_area_id 
FROM equipment_group
2024-07-26 02:59:50,142 - Thread-23 (process_request_thread) - INFO - SELECT equipment_group.id AS equipment_group_id, equipment_group.name AS equipment_group_name, equipment_group.area_id AS equipment_group_area_id 
FROM equipment_group
2024-07-26 02:59:50,145 - Thread-21 (process_request_thread) - INFO - SELECT equipment_group.id AS equipment_group_id, equipment_group.name AS equipment_group_name, equipment_group.area_id AS equipment_group_area_id 
FROM equipment_group
2024-07-26 02:59:50,150 - Thread-22 (process_request_thread) - INFO - SELECT equipment_group.id AS equipment_group_id, equipment_group.name AS equipment_group_name, equipment_group.area_id AS equipment_group_area_id 
FROM equipment_group
2024-07-26 02:59:50,153 - Thread-24 (process_request_thread) - INFO - SELECT equipment_group.id AS equipment_group_id, equipment_group.name AS equipment_group_name, equipment_group.area_id AS equipment_group_area_id 
FROM equipment_group
2024-07-26 02:59:50,153 - Thread-20 (process_request_thread) - INFO - [generated in 0.01384s] ()
2024-07-26 02:59:50,154 - Thread-23 (process_request_thread) - INFO - [generated in 0.01219s] ()
2024-07-26 02:59:50,155 - Thread-21 (process_request_thread) - INFO - [generated in 0.01034s] ()
2024-07-26 02:59:50,156 - Thread-22 (process_request_thread) - INFO - [generated in 0.00560s] ()
2024-07-26 02:59:50,156 - Thread-24 (process_request_thread) - INFO - [generated in 0.00353s] ()
2024-07-26 02:59:50,161 - Thread-20 (process_request_thread) - INFO - SELECT model.id AS model_id, model.name AS model_name, model.description AS model_description, model.equipment_group_id AS model_equipment_group_id 
FROM model
2024-07-26 02:59:50,163 - Thread-23 (process_request_thread) - INFO - SELECT model.id AS model_id, model.name AS model_name, model.description AS model_description, model.equipment_group_id AS model_equipment_group_id 
FROM model
2024-07-26 02:59:50,165 - Thread-25 (process_request_thread) - INFO - SELECT equipment_group.id AS equipment_group_id, equipment_group.name AS equipment_group_name, equipment_group.area_id AS equipment_group_area_id 
FROM equipment_group
2024-07-26 02:59:50,167 - Thread-21 (process_request_thread) - INFO - SELECT model.id AS model_id, model.name AS model_name, model.description AS model_description, model.equipment_group_id AS model_equipment_group_id 
FROM model
2024-07-26 02:59:50,168 - Thread-22 (process_request_thread) - INFO - SELECT model.id AS model_id, model.name AS model_name, model.description AS model_description, model.equipment_group_id AS model_equipment_group_id 
FROM model
2024-07-26 02:59:50,170 - Thread-24 (process_request_thread) - INFO - SELECT model.id AS model_id, model.name AS model_name, model.description AS model_description, model.equipment_group_id AS model_equipment_group_id 
FROM model
2024-07-26 02:59:50,170 - Thread-20 (process_request_thread) - INFO - [generated in 0.01014s] ()
2024-07-26 02:59:50,171 - Thread-23 (process_request_thread) - INFO - [generated in 0.00909s] ()
2024-07-26 02:59:50,172 - Thread-25 (process_request_thread) - INFO - [generated in 0.00725s] ()
2024-07-26 02:59:50,173 - Thread-21 (process_request_thread) - INFO - [generated in 0.00618s] ()
2024-07-26 02:59:50,174 - Thread-22 (process_request_thread) - INFO - [generated in 0.00560s] ()
2024-07-26 02:59:50,174 - Thread-24 (process_request_thread) - INFO - [generated in 0.00429s] ()
2024-07-26 02:59:50,179 - Thread-20 (process_request_thread) - INFO - SELECT asset_number.id AS asset_number_id, asset_number.number AS asset_number_number, asset_number.description AS asset_number_description, asset_number.model_id AS asset_number_model_id 
FROM asset_number
2024-07-26 02:59:50,182 - Thread-23 (process_request_thread) - INFO - SELECT asset_number.id AS asset_number_id, asset_number.number AS asset_number_number, asset_number.description AS asset_number_description, asset_number.model_id AS asset_number_model_id 
FROM asset_number
2024-07-26 02:59:50,184 - Thread-25 (process_request_thread) - INFO - SELECT model.id AS model_id, model.name AS model_name, model.description AS model_description, model.equipment_group_id AS model_equipment_group_id 
FROM model
2024-07-26 02:59:50,191 - Thread-21 (process_request_thread) - INFO - SELECT asset_number.id AS asset_number_id, asset_number.number AS asset_number_number, asset_number.description AS asset_number_description, asset_number.model_id AS asset_number_model_id 
FROM asset_number
2024-07-26 02:59:50,477 - Thread-22 (process_request_thread) - INFO - SELECT asset_number.id AS asset_number_id, asset_number.number AS asset_number_number, asset_number.description AS asset_number_description, asset_number.model_id AS asset_number_model_id 
FROM asset_number
2024-07-26 02:59:50,479 - Thread-24 (process_request_thread) - INFO - SELECT asset_number.id AS asset_number_id, asset_number.number AS asset_number_number, asset_number.description AS asset_number_description, asset_number.model_id AS asset_number_model_id 
FROM asset_number
2024-07-26 02:59:50,479 - Thread-20 (process_request_thread) - INFO - [generated in 0.30003s] ()
2024-07-26 02:59:50,480 - Thread-23 (process_request_thread) - INFO - [generated in 0.29808s] ()
2024-07-26 02:59:50,481 - Thread-25 (process_request_thread) - INFO - [generated in 0.29671s] ()
2024-07-26 02:59:50,482 - Thread-21 (process_request_thread) - INFO - [generated in 0.29055s] ()
2024-07-26 02:59:50,482 - Thread-22 (process_request_thread) - INFO - [generated in 0.00553s] ()
2024-07-26 02:59:50,483 - Thread-24 (process_request_thread) - INFO - [generated in 0.00451s] ()
2024-07-26 02:59:50,491 - Thread-25 (process_request_thread) - INFO - SELECT asset_number.id AS asset_number_id, asset_number.number AS asset_number_number, asset_number.description AS asset_number_description, asset_number.model_id AS asset_number_model_id 
FROM asset_number
2024-07-26 02:59:50,492 - Thread-25 (process_request_thread) - INFO - [generated in 0.00123s] ()
2024-07-26 02:59:50,503 - Thread-20 (process_request_thread) - INFO - SELECT location.id AS location_id, location.name AS location_name, location.model_id AS location_model_id 
FROM location
2024-07-26 02:59:50,505 - Thread-20 (process_request_thread) - INFO - [generated in 0.00142s] ()
2024-07-26 02:59:50,510 - Thread-23 (process_request_thread) - INFO - SELECT location.id AS location_id, location.name AS location_name, location.model_id AS location_model_id 
FROM location
2024-07-26 02:59:50,514 - Thread-24 (process_request_thread) - INFO - SELECT location.id AS location_id, location.name AS location_name, location.model_id AS location_model_id 
FROM location
2024-07-26 02:59:50,515 - Thread-23 (process_request_thread) - INFO - [generated in 0.00483s] ()
2024-07-26 02:59:50,517 - Thread-21 (process_request_thread) - INFO - SELECT location.id AS location_id, location.name AS location_name, location.model_id AS location_model_id 
FROM location
2024-07-26 02:59:50,518 - Thread-24 (process_request_thread) - INFO - [generated in 0.00399s] ()
2024-07-26 02:59:50,521 - Thread-22 (process_request_thread) - INFO - SELECT location.id AS location_id, location.name AS location_name, location.model_id AS location_model_id 
FROM location
2024-07-26 02:59:50,522 - Thread-20 (process_request_thread) - INFO - ROLLBACK
2024-07-26 02:59:50,524 - Thread-25 (process_request_thread) - INFO - SELECT location.id AS location_id, location.name AS location_name, location.model_id AS location_model_id 
FROM location
2024-07-26 02:59:50,526 - Thread-23 (process_request_thread) - INFO - ROLLBACK
2024-07-26 02:59:50,526 - Thread-21 (process_request_thread) - INFO - [generated in 0.00889s] ()
2024-07-26 02:59:50,529 - Thread-24 (process_request_thread) - INFO - ROLLBACK
2024-07-26 02:59:50,529 - Thread-22 (process_request_thread) - INFO - [generated in 0.00812s] ()
2024-07-26 02:59:50,531 - Thread-20 (process_request_thread) - INFO - 127.0.0.1 - - [26/Jul/2024 02:59:50] "GET /batch/get_batch_list_data HTTP/1.1" 200 -
2024-07-26 02:59:50,532 - Thread-25 (process_request_thread) - INFO - [generated in 0.00732s] ()
2024-07-26 02:59:50,534 - Thread-23 (process_request_thread) - INFO - 127.0.0.1 - - [26/Jul/2024 02:59:50] "GET /get_powerpoint_list_data_bp HTTP/1.1" 200 -
2024-07-26 02:59:50,536 - Thread-24 (process_request_thread) - INFO - 127.0.0.1 - - [26/Jul/2024 02:59:50] "GET /get_completedocument_list_data_bp HTTP/1.1" 200 -
2024-07-26 02:59:50,538 - Thread-21 (process_request_thread) - INFO - ROLLBACK
2024-07-26 02:59:50,540 - Thread-22 (process_request_thread) - INFO - Successfully fetched data from the database.
2024-07-26 02:59:50,543 - Thread-26 (process_request_thread) - INFO - 127.0.0.1 - - [26/Jul/2024 02:59:50] "[33mGET /get_search_powerpoint_list_data_bp HTTP/1.1[0m" 404 -
2024-07-26 02:59:50,546 - Thread-25 (process_request_thread) - INFO - ROLLBACK
2024-07-26 02:59:50,549 - Thread-21 (process_request_thread) - INFO - 127.0.0.1 - - [26/Jul/2024 02:59:50] "GET /get_list_data HTTP/1.1" 200 -
2024-07-26 02:59:50,552 - Thread-22 (process_request_thread) - INFO - ROLLBACK
2024-07-26 02:59:50,555 - Thread-25 (process_request_thread) - INFO - 127.0.0.1 - - [26/Jul/2024 02:59:50] "GET /get_search_image_list_data_bp HTTP/1.1" 200 -
2024-07-26 02:59:50,556 - Thread-22 (process_request_thread) - INFO - Session closed.
2024-07-26 02:59:50,557 - Thread-22 (process_request_thread) - INFO - Returning JSON response with image list data.
2024-07-26 02:59:50,560 - Thread-22 (process_request_thread) - INFO - 127.0.0.1 - - [26/Jul/2024 02:59:50] "GET /get_image_list_data HTTP/1.1" 200 -
2024-07-26 03:00:19,835 - Thread-27 (process_request_thread) - INFO - Received form data:
2024-07-26 03:00:19,837 - Thread-27 (process_request_thread) - INFO - ImmutableMultiDict([('batchTitle', 'SpeedTestNew'), ('batchArea', '11'), ('batchEquipmentGroup', '14'), ('batchModel', ''), ('batchAssetNumber', ''), ('batchLocation', ''), ('batchFolderPath', 'C:\\Users\\10169062\\Desktop\\AuMaintdb\\Database\\sql_speed_test2')])
2024-07-26 03:00:19,838 - Thread-27 (process_request_thread) - INFO - Folder Path: C:\Users\10169062\Desktop\AuMaintdb\Database\sql_speed_test2
2024-07-26 03:00:19,839 - Thread-27 (process_request_thread) - INFO - Batch processing started at 2024-07-26 03:00:19.838621
2024-07-26 03:00:19,839 - Thread-27 (process_request_thread) - INFO - Scheduling file for processing: C:\Users\10169062\Desktop\AuMaintdb\Database\sql_speed_test2\02-Micro_4000_Web_control_Manual_990010-41.pdf
2024-07-26 03:00:19,840 - ThreadPoolExecutor-0_0 - INFO - file_path: C:\Users\10169062\Desktop\AuMaintdb\Database\sql_speed_test2\02-Micro_4000_Web_control_Manual_990010-41.pdf
2024-07-26 03:00:19,840 - Thread-27 (process_request_thread) - INFO - Scheduling file for processing: C:\Users\10169062\Desktop\AuMaintdb\Database\sql_speed_test2\123.pdf
2024-07-26 03:00:19,841 - ThreadPoolExecutor-0_0 - ERROR - Error processing file: C:\Users\10169062\Desktop\AuMaintdb\Database\sql_speed_test2\02-Micro_4000_Web_control_Manual_990010-41.pdf. Error: Working outside of request context.

This typically means that you attempted to use functionality that needed
an active HTTP request. Consult the documentation on testing for
information about how to avoid this problem.
2024-07-26 03:00:19,842 - ThreadPoolExecutor-0_1 - INFO - file_path: C:\Users\10169062\Desktop\AuMaintdb\Database\sql_speed_test2\123.pdf
2024-07-26 03:00:19,842 - Thread-27 (process_request_thread) - INFO - Scheduling file for processing: C:\Users\10169062\Desktop\AuMaintdb\Database\sql_speed_test2\28788006.BTRNG0001_Rev_43_Final.docx.pdf
2024-07-26 03:00:19,843 - ThreadPoolExecutor-0_1 - ERROR - Error processing file: C:\Users\10169062\Desktop\AuMaintdb\Database\sql_speed_test2\123.pdf. Error: Working outside of request context.

This typically means that you attempted to use functionality that needed
an active HTTP request. Consult the documentation on testing for
information about how to avoid this problem.
2024-07-26 03:00:19,844 - Thread-27 (process_request_thread) - INFO - Scheduling file for processing: C:\Users\10169062\Desktop\AuMaintdb\Database\sql_speed_test2\A100034.png
2024-07-26 03:00:19,844 - ThreadPoolExecutor-0_0 - INFO - file_path: C:\Users\10169062\Desktop\AuMaintdb\Database\sql_speed_test2\28788006.BTRNG0001_Rev_43_Final.docx.pdf
2024-07-26 03:00:19,845 - Thread-27 (process_request_thread) - INFO - Scheduling file for processing: C:\Users\10169062\Desktop\AuMaintdb\Database\sql_speed_test2\A100044.png
2024-07-26 03:00:19,845 - ThreadPoolExecutor-0_1 - INFO - file_path: C:\Users\10169062\Desktop\AuMaintdb\Database\sql_speed_test2\A100034.png
2024-07-26 03:00:19,846 - ThreadPoolExecutor-0_0 - ERROR - Error processing file: C:\Users\10169062\Desktop\AuMaintdb\Database\sql_speed_test2\28788006.BTRNG0001_Rev_43_Final.docx.pdf. Error: Working outside of request context.

This typically means that you attempted to use functionality that needed
an active HTTP request. Consult the documentation on testing for
information about how to avoid this problem.
2024-07-26 03:00:19,848 - ThreadPoolExecutor-0_2 - INFO - file_path: C:\Users\10169062\Desktop\AuMaintdb\Database\sql_speed_test2\A100044.png
2024-07-26 03:00:19,848 - Thread-27 (process_request_thread) - INFO - Scheduling file for processing: C:\Users\10169062\Desktop\AuMaintdb\Database\sql_speed_test2\batchfolder_reverifer.jpg
2024-07-26 03:00:19,848 - ThreadPoolExecutor-0_1 - ERROR - Error processing file: C:\Users\10169062\Desktop\AuMaintdb\Database\sql_speed_test2\A100034.png. Error: Working outside of request context.

This typically means that you attempted to use functionality that needed
an active HTTP request. Consult the documentation on testing for
information about how to avoid this problem.
2024-07-26 03:00:19,850 - ThreadPoolExecutor-0_2 - ERROR - Error processing file: C:\Users\10169062\Desktop\AuMaintdb\Database\sql_speed_test2\A100044.png. Error: Working outside of request context.

This typically means that you attempted to use functionality that needed
an active HTTP request. Consult the documentation on testing for
information about how to avoid this problem.
2024-07-26 03:00:19,850 - Thread-27 (process_request_thread) - INFO - Scheduling file for processing: C:\Users\10169062\Desktop\AuMaintdb\Database\sql_speed_test2\Batchfolder_test_mytest.png
2024-07-26 03:00:19,851 - ThreadPoolExecutor-0_0 - INFO - file_path: C:\Users\10169062\Desktop\AuMaintdb\Database\sql_speed_test2\batchfolder_reverifer.jpg
2024-07-26 03:00:19,852 - Thread-27 (process_request_thread) - INFO - Scheduling file for processing: C:\Users\10169062\Desktop\AuMaintdb\Database\sql_speed_test2\Test of position funtion.pdf
2024-07-26 03:00:19,852 - ThreadPoolExecutor-0_1 - INFO - file_path: C:\Users\10169062\Desktop\AuMaintdb\Database\sql_speed_test2\Batchfolder_test_mytest.png
2024-07-26 03:00:19,852 - ThreadPoolExecutor-0_0 - ERROR - Error processing file: C:\Users\10169062\Desktop\AuMaintdb\Database\sql_speed_test2\batchfolder_reverifer.jpg. Error: Working outside of request context.

This typically means that you attempted to use functionality that needed
an active HTTP request. Consult the documentation on testing for
information about how to avoid this problem.
2024-07-26 03:00:19,853 - Thread-27 (process_request_thread) - INFO - Scheduling file for processing: C:\Users\10169062\Desktop\AuMaintdb\Database\sql_speed_test2\ThermalPak__TP-4000__Manual_1.13_9-03.pdf
2024-07-26 03:00:19,853 - ThreadPoolExecutor-0_2 - INFO - file_path: C:\Users\10169062\Desktop\AuMaintdb\Database\sql_speed_test2\Test of position funtion.pdf
2024-07-26 03:00:19,854 - ThreadPoolExecutor-0_1 - ERROR - Error processing file: C:\Users\10169062\Desktop\AuMaintdb\Database\sql_speed_test2\Batchfolder_test_mytest.png. Error: Working outside of request context.

This typically means that you attempted to use functionality that needed
an active HTTP request. Consult the documentation on testing for
information about how to avoid this problem.
2024-07-26 03:00:19,856 - ThreadPoolExecutor-0_0 - INFO - file_path: C:\Users\10169062\Desktop\AuMaintdb\Database\sql_speed_test2\ThermalPak__TP-4000__Manual_1.13_9-03.pdf
2024-07-26 03:00:19,856 - ThreadPoolExecutor-0_2 - ERROR - Error processing file: C:\Users\10169062\Desktop\AuMaintdb\Database\sql_speed_test2\Test of position funtion.pdf. Error: Working outside of request context.

This typically means that you attempted to use functionality that needed
an active HTTP request. Consult the documentation on testing for
information about how to avoid this problem.
2024-07-26 03:00:19,858 - ThreadPoolExecutor-0_0 - ERROR - Error processing file: C:\Users\10169062\Desktop\AuMaintdb\Database\sql_speed_test2\ThermalPak__TP-4000__Manual_1.13_9-03.pdf. Error: Working outside of request context.

This typically means that you attempted to use functionality that needed
an active HTTP request. Consult the documentation on testing for
information about how to avoid this problem.
2024-07-26 03:00:19,861 - Thread-27 (process_request_thread) - INFO - Batch processing completed at 2024-07-26 03:00:19.861293
2024-07-26 03:00:19,862 - Thread-27 (process_request_thread) - INFO - Batch Title: None
2024-07-26 03:00:19,862 - Thread-27 (process_request_thread) - INFO - Batch Area: 11
2024-07-26 03:00:19,862 - Thread-27 (process_request_thread) - INFO - Batch Equipment Group: 14
2024-07-26 03:00:19,863 - Thread-27 (process_request_thread) - INFO - Batch Model: 
2024-07-26 03:00:19,863 - Thread-27 (process_request_thread) - INFO - Batch Asset Number: 
2024-07-26 03:00:19,864 - Thread-27 (process_request_thread) - INFO - Batch Location: 
2024-07-26 03:00:19,864 - Thread-27 (process_request_thread) - INFO - 127.0.0.1 - - [26/Jul/2024 03:00:19] "POST /batch_processing HTTP/1.1" 200 -
